{"/Users/dmitrodubina/Downloads/diplo-sport/backend/app.js": {"path":"/Users/dmitrodubina/Downloads/diplo-sport/backend/app.js","statementMap":{"0":{"start":{"line":1,"column":16},"end":{"line":1,"column":34}},"1":{"start":{"line":2,"column":13},"end":{"line":2,"column":28}},"2":{"start":{"line":3,"column":19},"end":{"line":3,"column":41}},"3":{"start":{"line":4,"column":19},"end":{"line":4,"column":45}},"4":{"start":{"line":5,"column":19},"end":{"line":5,"column":49}},"5":{"start":{"line":6,"column":20},"end":{"line":6,"column":51}},"6":{"start":{"line":7,"column":20},"end":{"line":7,"column":51}},"7":{"start":{"line":8,"column":22},"end":{"line":8,"column":55}},"8":{"start":{"line":9,"column":22},"end":{"line":9,"column":55}},"9":{"start":{"line":10,"column":22},"end":{"line":10,"column":52}},"10":{"start":{"line":11,"column":22},"end":{"line":11,"column":55}},"11":{"start":{"line":12,"column":24},"end":{"line":12,"column":63}},"12":{"start":{"line":14,"column":12},"end":{"line":14,"column":21}},"13":{"start":{"line":16,"column":0},"end":{"line":16,"column":16}},"14":{"start":{"line":17,"column":0},"end":{"line":17,"column":24}},"15":{"start":{"line":18,"column":0},"end":{"line":18,"column":48}},"16":{"start":{"line":19,"column":0},"end":{"line":19,"column":17}},"17":{"start":{"line":21,"column":0},"end":{"line":21,"column":28}},"18":{"start":{"line":22,"column":0},"end":{"line":22,"column":33}},"19":{"start":{"line":23,"column":0},"end":{"line":23,"column":39}},"20":{"start":{"line":24,"column":0},"end":{"line":24,"column":36}},"21":{"start":{"line":25,"column":0},"end":{"line":25,"column":36}},"22":{"start":{"line":26,"column":0},"end":{"line":26,"column":40}},"23":{"start":{"line":27,"column":0},"end":{"line":27,"column":36}},"24":{"start":{"line":28,"column":0},"end":{"line":28,"column":39}},"25":{"start":{"line":29,"column":0},"end":{"line":32,"column":2}},"26":{"start":{"line":34,"column":0},"end":{"line":34,"column":21}}},"fnMap":{},"branchMap":{},"s":{"0":1,"1":1,"2":1,"3":1,"4":1,"5":1,"6":1,"7":1,"8":1,"9":1,"10":1,"11":1,"12":1,"13":1,"14":1,"15":1,"16":1,"17":1,"18":1,"19":1,"20":1,"21":1,"22":1,"23":1,"24":1,"25":1,"26":1},"f":{},"b":{},"_coverageSchema":"1a1c01bbd47fc00a2c39e90264f33305004495a9","hash":"ab6efeb266455637571f563a68a053e6a2a10c6b"}
,"/Users/dmitrodubina/Downloads/diplo-sport/backend/controllers/authControllers.js": {"path":"/Users/dmitrodubina/Downloads/diplo-sport/backend/controllers/authControllers.js","statementMap":{"0":{"start":{"line":1,"column":13},"end":{"line":1,"column":43}},"1":{"start":{"line":2,"column":18},"end":{"line":2,"column":47}},"2":{"start":{"line":7,"column":4},"end":{"line":7,"column":41}},"3":{"start":{"line":8,"column":22},"end":{"line":8,"column":55}},"4":{"start":{"line":13,"column":4},"end":{"line":13,"column":45}},"5":{"start":{"line":18,"column":4},"end":{"line":18,"column":45}},"6":{"start":{"line":20,"column":30},"end":{"line":26,"column":1}},"7":{"start":{"line":21,"column":2},"end":{"line":25,"column":3}},"8":{"start":{"line":22,"column":4},"end":{"line":22,"column":42}},"9":{"start":{"line":24,"column":4},"end":{"line":24,"column":60}},"10":{"start":{"line":28,"column":21},"end":{"line":100,"column":1}},"11":{"start":{"line":29,"column":2},"end":{"line":99,"column":3}},"12":{"start":{"line":30,"column":57},"end":{"line":30,"column":65}},"13":{"start":{"line":32,"column":4},"end":{"line":34,"column":5}},"14":{"start":{"line":33,"column":6},"end":{"line":33,"column":61}},"15":{"start":{"line":37,"column":25},"end":{"line":37,"column":48}},"16":{"start":{"line":38,"column":21},"end":{"line":38,"column":72}},"17":{"start":{"line":41,"column":31},"end":{"line":41,"column":40}},"18":{"start":{"line":43,"column":4},"end":{"line":54,"column":5}},"19":{"start":{"line":44,"column":6},"end":{"line":44,"column":79}},"20":{"start":{"line":44,"column":24},"end":{"line":44,"column":79}},"21":{"start":{"line":46,"column":58},"end":{"line":46,"column":69}},"22":{"start":{"line":48,"column":6},"end":{"line":48,"column":95}},"23":{"start":{"line":48,"column":42},"end":{"line":48,"column":95}},"24":{"start":{"line":49,"column":6},"end":{"line":49,"column":114}},"25":{"start":{"line":49,"column":74},"end":{"line":49,"column":114}},"26":{"start":{"line":50,"column":6},"end":{"line":50,"column":110}},"27":{"start":{"line":50,"column":48},"end":{"line":50,"column":110}},"28":{"start":{"line":51,"column":6},"end":{"line":51,"column":62}},"29":{"start":{"line":51,"column":21},"end":{"line":51,"column":62}},"30":{"start":{"line":53,"column":6},"end":{"line":53,"column":73}},"31":{"start":{"line":56,"column":16},"end":{"line":56,"column":26}},"32":{"start":{"line":57,"column":23},"end":{"line":57,"column":52}},"33":{"start":{"line":59,"column":4},"end":{"line":65,"column":5}},"34":{"start":{"line":60,"column":6},"end":{"line":60,"column":46}},"35":{"start":{"line":61,"column":11},"end":{"line":65,"column":5}},"36":{"start":{"line":62,"column":6},"end":{"line":62,"column":46}},"37":{"start":{"line":63,"column":11},"end":{"line":65,"column":5}},"38":{"start":{"line":64,"column":6},"end":{"line":64,"column":51}},"39":{"start":{"line":67,"column":17},"end":{"line":75,"column":6}},"40":{"start":{"line":77,"column":4},"end":{"line":77,"column":22}},"41":{"start":{"line":79,"column":20},"end":{"line":79,"column":50}},"42":{"start":{"line":80,"column":4},"end":{"line":80,"column":75}},"43":{"start":{"line":82,"column":4},"end":{"line":96,"column":7}},"44":{"start":{"line":98,"column":4},"end":{"line":98,"column":60}},"45":{"start":{"line":104,"column":20},"end":{"line":134,"column":1}},"46":{"start":{"line":105,"column":2},"end":{"line":133,"column":3}},"47":{"start":{"line":106,"column":4},"end":{"line":106,"column":71}},"48":{"start":{"line":106,"column":29},"end":{"line":106,"column":71}},"49":{"start":{"line":107,"column":17},"end":{"line":110,"column":6}},"50":{"start":{"line":112,"column":4},"end":{"line":114,"column":5}},"51":{"start":{"line":113,"column":6},"end":{"line":113,"column":51}},"52":{"start":{"line":116,"column":4},"end":{"line":116,"column":27}},"53":{"start":{"line":117,"column":4},"end":{"line":117,"column":39}},"54":{"start":{"line":118,"column":4},"end":{"line":118,"column":46}},"55":{"start":{"line":120,"column":4},"end":{"line":120,"column":22}},"56":{"start":{"line":122,"column":20},"end":{"line":122,"column":55}},"57":{"start":{"line":123,"column":4},"end":{"line":123,"column":69}},"58":{"start":{"line":125,"column":4},"end":{"line":130,"column":7}},"59":{"start":{"line":132,"column":4},"end":{"line":132,"column":60}},"60":{"start":{"line":136,"column":24},"end":{"line":155,"column":1}},"61":{"start":{"line":137,"column":2},"end":{"line":154,"column":3}},"62":{"start":{"line":138,"column":4},"end":{"line":138,"column":71}},"63":{"start":{"line":138,"column":29},"end":{"line":138,"column":71}},"64":{"start":{"line":139,"column":17},"end":{"line":139,"column":50}},"65":{"start":{"line":140,"column":4},"end":{"line":140,"column":57}},"66":{"start":{"line":141,"column":4},"end":{"line":141,"column":22}},"67":{"start":{"line":143,"column":20},"end":{"line":143,"column":50}},"68":{"start":{"line":144,"column":4},"end":{"line":144,"column":75}},"69":{"start":{"line":146,"column":4},"end":{"line":151,"column":7}},"70":{"start":{"line":153,"column":4},"end":{"line":153,"column":60}},"71":{"start":{"line":157,"column":14},"end":{"line":188,"column":1}},"72":{"start":{"line":158,"column":2},"end":{"line":187,"column":3}},"73":{"start":{"line":159,"column":44},"end":{"line":159,"column":52}},"74":{"start":{"line":160,"column":4},"end":{"line":160,"column":83}},"75":{"start":{"line":160,"column":29},"end":{"line":160,"column":83}},"76":{"start":{"line":162,"column":17},"end":{"line":162,"column":53}},"77":{"start":{"line":163,"column":4},"end":{"line":184,"column":5}},"78":{"start":{"line":164,"column":19},"end":{"line":164,"column":53}},"79":{"start":{"line":165,"column":6},"end":{"line":181,"column":52}},"80":{"start":{"line":166,"column":8},"end":{"line":180,"column":11}},"81":{"start":{"line":181,"column":13},"end":{"line":181,"column":52}},"82":{"start":{"line":183,"column":6},"end":{"line":183,"column":63}},"83":{"start":{"line":186,"column":4},"end":{"line":186,"column":60}},"84":{"start":{"line":191,"column":23},"end":{"line":219,"column":1}},"85":{"start":{"line":192,"column":2},"end":{"line":218,"column":3}},"86":{"start":{"line":193,"column":41},"end":{"line":193,"column":49}},"87":{"start":{"line":194,"column":17},"end":{"line":194,"column":50}},"88":{"start":{"line":195,"column":4},"end":{"line":215,"column":5}},"89":{"start":{"line":196,"column":19},"end":{"line":196,"column":56}},"90":{"start":{"line":197,"column":6},"end":{"line":212,"column":7}},"91":{"start":{"line":198,"column":8},"end":{"line":198,"column":36}},"92":{"start":{"line":199,"column":8},"end":{"line":199,"column":26}},"93":{"start":{"line":201,"column":24},"end":{"line":201,"column":56}},"94":{"start":{"line":202,"column":8},"end":{"line":202,"column":79}},"95":{"start":{"line":204,"column":8},"end":{"line":209,"column":11}},"96":{"start":{"line":211,"column":8},"end":{"line":211,"column":55}},"97":{"start":{"line":214,"column":6},"end":{"line":214,"column":45}},"98":{"start":{"line":217,"column":4},"end":{"line":217,"column":60}},"99":{"start":{"line":221,"column":20},"end":{"line":260,"column":1}},"100":{"start":{"line":222,"column":2},"end":{"line":259,"column":3}},"101":{"start":{"line":223,"column":35},"end":{"line":223,"column":43}},"102":{"start":{"line":224,"column":17},"end":{"line":224,"column":50}},"103":{"start":{"line":225,"column":20},"end":{"line":225,"column":59}},"104":{"start":{"line":226,"column":4},"end":{"line":226,"column":75}},"105":{"start":{"line":226,"column":17},"end":{"line":226,"column":75}},"106":{"start":{"line":228,"column":4},"end":{"line":256,"column":5}},"107":{"start":{"line":229,"column":6},"end":{"line":229,"column":69}},"108":{"start":{"line":231,"column":19},"end":{"line":231,"column":53}},"109":{"start":{"line":232,"column":6},"end":{"line":255,"column":7}},"110":{"start":{"line":233,"column":8},"end":{"line":233,"column":33}},"111":{"start":{"line":234,"column":8},"end":{"line":234,"column":57}},"112":{"start":{"line":235,"column":8},"end":{"line":235,"column":43}},"113":{"start":{"line":237,"column":8},"end":{"line":237,"column":26}},"114":{"start":{"line":239,"column":24},"end":{"line":239,"column":59}},"115":{"start":{"line":241,"column":8},"end":{"line":245,"column":10}},"116":{"start":{"line":247,"column":8},"end":{"line":252,"column":11}},"117":{"start":{"line":254,"column":8},"end":{"line":254,"column":47}},"118":{"start":{"line":258,"column":4},"end":{"line":258,"column":60}},"119":{"start":{"line":262,"column":26},"end":{"line":298,"column":1}},"120":{"start":{"line":263,"column":2},"end":{"line":297,"column":3}},"121":{"start":{"line":264,"column":18},"end":{"line":264,"column":34}},"122":{"start":{"line":265,"column":17},"end":{"line":268,"column":6}},"123":{"start":{"line":269,"column":4},"end":{"line":294,"column":5}},"124":{"start":{"line":270,"column":6},"end":{"line":271,"column":66}},"125":{"start":{"line":271,"column":8},"end":{"line":271,"column":66}},"126":{"start":{"line":273,"column":6},"end":{"line":291,"column":7}},"127":{"start":{"line":274,"column":24},"end":{"line":274,"column":65}},"128":{"start":{"line":276,"column":8},"end":{"line":276,"column":35}},"129":{"start":{"line":277,"column":8},"end":{"line":277,"column":34}},"130":{"start":{"line":278,"column":8},"end":{"line":278,"column":41}},"131":{"start":{"line":279,"column":8},"end":{"line":279,"column":39}},"132":{"start":{"line":281,"column":8},"end":{"line":281,"column":26}},"133":{"start":{"line":283,"column":8},"end":{"line":283,"column":79}},"134":{"start":{"line":285,"column":8},"end":{"line":288,"column":11}},"135":{"start":{"line":290,"column":8},"end":{"line":290,"column":55}},"136":{"start":{"line":293,"column":6},"end":{"line":293,"column":39}},"137":{"start":{"line":296,"column":4},"end":{"line":296,"column":60}},"138":{"start":{"line":300,"column":31},"end":{"line":323,"column":1}},"139":{"start":{"line":301,"column":2},"end":{"line":322,"column":3}},"140":{"start":{"line":302,"column":22},"end":{"line":302,"column":30}},"141":{"start":{"line":303,"column":17},"end":{"line":303,"column":53}},"142":{"start":{"line":304,"column":4},"end":{"line":319,"column":5}},"143":{"start":{"line":304,"column":15},"end":{"line":304,"column":71}},"144":{"start":{"line":306,"column":6},"end":{"line":306,"column":52}},"145":{"start":{"line":307,"column":6},"end":{"line":307,"column":47}},"146":{"start":{"line":308,"column":6},"end":{"line":308,"column":24}},"147":{"start":{"line":310,"column":22},"end":{"line":310,"column":56}},"148":{"start":{"line":311,"column":6},"end":{"line":311,"column":77}},"149":{"start":{"line":313,"column":6},"end":{"line":318,"column":9}},"150":{"start":{"line":321,"column":4},"end":{"line":321,"column":60}},"151":{"start":{"line":325,"column":36},"end":{"line":348,"column":1}},"152":{"start":{"line":326,"column":2},"end":{"line":347,"column":3}},"153":{"start":{"line":327,"column":18},"end":{"line":327,"column":34}},"154":{"start":{"line":328,"column":18},"end":{"line":328,"column":34}},"155":{"start":{"line":329,"column":25},"end":{"line":329,"column":33}},"156":{"start":{"line":330,"column":19},"end":{"line":330,"column":55}},"157":{"start":{"line":331,"column":4},"end":{"line":344,"column":44}},"158":{"start":{"line":332,"column":6},"end":{"line":332,"column":33}},"159":{"start":{"line":333,"column":6},"end":{"line":333,"column":47}},"160":{"start":{"line":334,"column":6},"end":{"line":334,"column":45}},"161":{"start":{"line":335,"column":6},"end":{"line":335,"column":26}},"162":{"start":{"line":336,"column":22},"end":{"line":336,"column":56}},"163":{"start":{"line":337,"column":6},"end":{"line":337,"column":79}},"164":{"start":{"line":338,"column":6},"end":{"line":343,"column":9}},"165":{"start":{"line":344,"column":11},"end":{"line":344,"column":44}},"166":{"start":{"line":346,"column":4},"end":{"line":346,"column":60}},"167":{"start":{"line":350,"column":0},"end":{"line":360,"column":2}}},"fnMap":{"0":{"name":"(anonymous_0)","decl":{"start":{"line":20,"column":30},"end":{"line":20,"column":31}},"loc":{"start":{"line":20,"column":62},"end":{"line":26,"column":1}},"line":20},"1":{"name":"(anonymous_1)","decl":{"start":{"line":28,"column":21},"end":{"line":28,"column":22}},"loc":{"start":{"line":28,"column":41},"end":{"line":100,"column":1}},"line":28},"2":{"name":"(anonymous_2)","decl":{"start":{"line":104,"column":20},"end":{"line":104,"column":21}},"loc":{"start":{"line":104,"column":40},"end":{"line":134,"column":1}},"line":104},"3":{"name":"(anonymous_3)","decl":{"start":{"line":136,"column":24},"end":{"line":136,"column":25}},"loc":{"start":{"line":136,"column":44},"end":{"line":155,"column":1}},"line":136},"4":{"name":"(anonymous_4)","decl":{"start":{"line":157,"column":14},"end":{"line":157,"column":15}},"loc":{"start":{"line":157,"column":34},"end":{"line":188,"column":1}},"line":157},"5":{"name":"(anonymous_5)","decl":{"start":{"line":191,"column":23},"end":{"line":191,"column":24}},"loc":{"start":{"line":191,"column":43},"end":{"line":219,"column":1}},"line":191},"6":{"name":"(anonymous_6)","decl":{"start":{"line":221,"column":20},"end":{"line":221,"column":21}},"loc":{"start":{"line":221,"column":40},"end":{"line":260,"column":1}},"line":221},"7":{"name":"(anonymous_7)","decl":{"start":{"line":262,"column":26},"end":{"line":262,"column":27}},"loc":{"start":{"line":262,"column":46},"end":{"line":298,"column":1}},"line":262},"8":{"name":"(anonymous_8)","decl":{"start":{"line":300,"column":31},"end":{"line":300,"column":32}},"loc":{"start":{"line":300,"column":51},"end":{"line":323,"column":1}},"line":300},"9":{"name":"(anonymous_9)","decl":{"start":{"line":325,"column":36},"end":{"line":325,"column":37}},"loc":{"start":{"line":325,"column":56},"end":{"line":348,"column":1}},"line":325}},"branchMap":{"0":{"loc":{"start":{"line":32,"column":4},"end":{"line":34,"column":5}},"type":"if","locations":[{"start":{"line":32,"column":4},"end":{"line":34,"column":5}},{"start":{},"end":{}}],"line":32},"1":{"loc":{"start":{"line":32,"column":8},"end":{"line":32,"column":36}},"type":"binary-expr","locations":[{"start":{"line":32,"column":8},"end":{"line":32,"column":13}},{"start":{"line":32,"column":17},"end":{"line":32,"column":23}},{"start":{"line":32,"column":27},"end":{"line":32,"column":36}}],"line":32},"2":{"loc":{"start":{"line":38,"column":21},"end":{"line":38,"column":72}},"type":"cond-expr","locations":[{"start":{"line":38,"column":59},"end":{"line":38,"column":63}},{"start":{"line":38,"column":66},"end":{"line":38,"column":72}}],"line":38},"3":{"loc":{"start":{"line":38,"column":21},"end":{"line":38,"column":56}},"type":"binary-expr","locations":[{"start":{"line":38,"column":21},"end":{"line":38,"column":25}},{"start":{"line":38,"column":29},"end":{"line":38,"column":56}}],"line":38},"4":{"loc":{"start":{"line":43,"column":4},"end":{"line":54,"column":5}},"type":"if","locations":[{"start":{"line":43,"column":4},"end":{"line":54,"column":5}},{"start":{},"end":{}}],"line":43},"5":{"loc":{"start":{"line":44,"column":6},"end":{"line":44,"column":79}},"type":"if","locations":[{"start":{"line":44,"column":6},"end":{"line":44,"column":79}},{"start":{},"end":{}}],"line":44},"6":{"loc":{"start":{"line":48,"column":6},"end":{"line":48,"column":95}},"type":"if","locations":[{"start":{"line":48,"column":6},"end":{"line":48,"column":95}},{"start":{},"end":{}}],"line":48},"7":{"loc":{"start":{"line":48,"column":10},"end":{"line":48,"column":40}},"type":"binary-expr","locations":[{"start":{"line":48,"column":10},"end":{"line":48,"column":17}},{"start":{"line":48,"column":21},"end":{"line":48,"column":40}}],"line":48},"8":{"loc":{"start":{"line":49,"column":6},"end":{"line":49,"column":114}},"type":"if","locations":[{"start":{"line":49,"column":6},"end":{"line":49,"column":114}},{"start":{},"end":{}}],"line":49},"9":{"loc":{"start":{"line":50,"column":6},"end":{"line":50,"column":110}},"type":"if","locations":[{"start":{"line":50,"column":6},"end":{"line":50,"column":110}},{"start":{},"end":{}}],"line":50},"10":{"loc":{"start":{"line":50,"column":10},"end":{"line":50,"column":46}},"type":"binary-expr","locations":[{"start":{"line":50,"column":10},"end":{"line":50,"column":20}},{"start":{"line":50,"column":24},"end":{"line":50,"column":46}}],"line":50},"11":{"loc":{"start":{"line":51,"column":6},"end":{"line":51,"column":62}},"type":"if","locations":[{"start":{"line":51,"column":6},"end":{"line":51,"column":62}},{"start":{},"end":{}}],"line":51},"12":{"loc":{"start":{"line":59,"column":4},"end":{"line":65,"column":5}},"type":"if","locations":[{"start":{"line":59,"column":4},"end":{"line":65,"column":5}},{"start":{"line":61,"column":11},"end":{"line":65,"column":5}}],"line":59},"13":{"loc":{"start":{"line":61,"column":11},"end":{"line":65,"column":5}},"type":"if","locations":[{"start":{"line":61,"column":11},"end":{"line":65,"column":5}},{"start":{"line":63,"column":11},"end":{"line":65,"column":5}}],"line":61},"14":{"loc":{"start":{"line":63,"column":11},"end":{"line":65,"column":5}},"type":"if","locations":[{"start":{"line":63,"column":11},"end":{"line":65,"column":5}},{"start":{},"end":{}}],"line":63},"15":{"loc":{"start":{"line":74,"column":10},"end":{"line":74,"column":70}},"type":"binary-expr","locations":[{"start":{"line":74,"column":10},"end":{"line":74,"column":29}},{"start":{"line":74,"column":33},"end":{"line":74,"column":70}}],"line":74},"16":{"loc":{"start":{"line":106,"column":4},"end":{"line":106,"column":71}},"type":"if","locations":[{"start":{"line":106,"column":4},"end":{"line":106,"column":71}},{"start":{},"end":{}}],"line":106},"17":{"loc":{"start":{"line":112,"column":4},"end":{"line":114,"column":5}},"type":"if","locations":[{"start":{"line":112,"column":4},"end":{"line":114,"column":5}},{"start":{},"end":{}}],"line":112},"18":{"loc":{"start":{"line":138,"column":4},"end":{"line":138,"column":71}},"type":"if","locations":[{"start":{"line":138,"column":4},"end":{"line":138,"column":71}},{"start":{},"end":{}}],"line":138},"19":{"loc":{"start":{"line":160,"column":4},"end":{"line":160,"column":83}},"type":"if","locations":[{"start":{"line":160,"column":4},"end":{"line":160,"column":83}},{"start":{},"end":{}}],"line":160},"20":{"loc":{"start":{"line":160,"column":8},"end":{"line":160,"column":27}},"type":"binary-expr","locations":[{"start":{"line":160,"column":8},"end":{"line":160,"column":14}},{"start":{"line":160,"column":18},"end":{"line":160,"column":27}}],"line":160},"21":{"loc":{"start":{"line":163,"column":4},"end":{"line":184,"column":5}},"type":"if","locations":[{"start":{"line":163,"column":4},"end":{"line":184,"column":5}},{"start":{"line":182,"column":11},"end":{"line":184,"column":5}}],"line":163},"22":{"loc":{"start":{"line":165,"column":6},"end":{"line":181,"column":52}},"type":"if","locations":[{"start":{"line":165,"column":6},"end":{"line":181,"column":52}},{"start":{"line":181,"column":13},"end":{"line":181,"column":52}}],"line":165},"23":{"loc":{"start":{"line":195,"column":4},"end":{"line":215,"column":5}},"type":"if","locations":[{"start":{"line":195,"column":4},"end":{"line":215,"column":5}},{"start":{"line":213,"column":11},"end":{"line":215,"column":5}}],"line":195},"24":{"loc":{"start":{"line":197,"column":6},"end":{"line":212,"column":7}},"type":"if","locations":[{"start":{"line":197,"column":6},"end":{"line":212,"column":7}},{"start":{"line":210,"column":13},"end":{"line":212,"column":7}}],"line":197},"25":{"loc":{"start":{"line":226,"column":4},"end":{"line":226,"column":75}},"type":"if","locations":[{"start":{"line":226,"column":4},"end":{"line":226,"column":75}},{"start":{},"end":{}}],"line":226},"26":{"loc":{"start":{"line":228,"column":4},"end":{"line":256,"column":5}},"type":"if","locations":[{"start":{"line":228,"column":4},"end":{"line":256,"column":5}},{"start":{"line":230,"column":9},"end":{"line":256,"column":5}}],"line":228},"27":{"loc":{"start":{"line":232,"column":6},"end":{"line":255,"column":7}},"type":"if","locations":[{"start":{"line":232,"column":6},"end":{"line":255,"column":7}},{"start":{"line":253,"column":13},"end":{"line":255,"column":7}}],"line":232},"28":{"loc":{"start":{"line":269,"column":4},"end":{"line":294,"column":5}},"type":"if","locations":[{"start":{"line":269,"column":4},"end":{"line":294,"column":5}},{"start":{"line":292,"column":11},"end":{"line":294,"column":5}}],"line":269},"29":{"loc":{"start":{"line":270,"column":6},"end":{"line":271,"column":66}},"type":"if","locations":[{"start":{"line":270,"column":6},"end":{"line":271,"column":66}},{"start":{},"end":{}}],"line":270},"30":{"loc":{"start":{"line":273,"column":6},"end":{"line":291,"column":7}},"type":"if","locations":[{"start":{"line":273,"column":6},"end":{"line":291,"column":7}},{"start":{"line":289,"column":13},"end":{"line":291,"column":7}}],"line":273},"31":{"loc":{"start":{"line":304,"column":4},"end":{"line":319,"column":5}},"type":"if","locations":[{"start":{"line":304,"column":4},"end":{"line":319,"column":5}},{"start":{"line":305,"column":9},"end":{"line":319,"column":5}}],"line":304},"32":{"loc":{"start":{"line":331,"column":4},"end":{"line":344,"column":44}},"type":"if","locations":[{"start":{"line":331,"column":4},"end":{"line":344,"column":44}},{"start":{"line":344,"column":11},"end":{"line":344,"column":44}}],"line":331},"33":{"loc":{"start":{"line":331,"column":8},"end":{"line":331,"column":54}},"type":"binary-expr","locations":[{"start":{"line":331,"column":8},"end":{"line":331,"column":14}},{"start":{"line":331,"column":18},"end":{"line":331,"column":54}}],"line":331}},"s":{"0":1,"1":1,"2":1,"3":1,"4":1,"5":1,"6":1,"7":1,"8":1,"9":0,"10":1,"11":2,"12":2,"13":2,"14":0,"15":2,"16":2,"17":2,"18":2,"19":2,"20":1,"21":1,"22":1,"23":0,"24":1,"25":0,"26":1,"27":0,"28":1,"29":0,"30":1,"31":1,"32":1,"33":1,"34":0,"35":1,"36":0,"37":1,"38":0,"39":1,"40":1,"41":1,"42":1,"43":1,"44":1,"45":1,"46":0,"47":0,"48":0,"49":0,"50":0,"51":0,"52":0,"53":0,"54":0,"55":0,"56":0,"57":0,"58":0,"59":0,"60":1,"61":0,"62":0,"63":0,"64":0,"65":0,"66":0,"67":0,"68":0,"69":0,"70":0,"71":1,"72":0,"73":0,"74":0,"75":0,"76":0,"77":0,"78":0,"79":0,"80":0,"81":0,"82":0,"83":0,"84":1,"85":0,"86":0,"87":0,"88":0,"89":0,"90":0,"91":0,"92":0,"93":0,"94":0,"95":0,"96":0,"97":0,"98":0,"99":1,"100":0,"101":0,"102":0,"103":0,"104":0,"105":0,"106":0,"107":0,"108":0,"109":0,"110":0,"111":0,"112":0,"113":0,"114":0,"115":0,"116":0,"117":0,"118":0,"119":1,"120":0,"121":0,"122":0,"123":0,"124":0,"125":0,"126":0,"127":0,"128":0,"129":0,"130":0,"131":0,"132":0,"133":0,"134":0,"135":0,"136":0,"137":0,"138":1,"139":0,"140":0,"141":0,"142":0,"143":0,"144":0,"145":0,"146":0,"147":0,"148":0,"149":0,"150":0,"151":1,"152":0,"153":0,"154":0,"155":0,"156":0,"157":0,"158":0,"159":0,"160":0,"161":0,"162":0,"163":0,"164":0,"165":0,"166":0,"167":1},"f":{"0":1,"1":2,"2":0,"3":0,"4":0,"5":0,"6":0,"7":0,"8":0,"9":0},"b":{"0":[0,2],"1":[2,2,2],"2":[2,0],"3":[2,2],"4":[2,0],"5":[1,1],"6":[0,1],"7":[1,1],"8":[0,1],"9":[0,1],"10":[1,1],"11":[0,1],"12":[0,1],"13":[0,1],"14":[0,1],"15":[1,1],"16":[0,0],"17":[0,0],"18":[0,0],"19":[0,0],"20":[0,0],"21":[0,0],"22":[0,0],"23":[0,0],"24":[0,0],"25":[0,0],"26":[0,0],"27":[0,0],"28":[0,0],"29":[0,0],"30":[0,0],"31":[0,0],"32":[0,0],"33":[0,0]},"_coverageSchema":"1a1c01bbd47fc00a2c39e90264f33305004495a9","hash":"522a9b9591de2b4a35553a47af7ba9b859284c3f"}
,"/Users/dmitrodubina/Downloads/diplo-sport/backend/controllers/bookingControllers.js": {"path":"/Users/dmitrodubina/Downloads/diplo-sport/backend/controllers/bookingControllers.js","statementMap":{"0":{"start":{"line":1,"column":15},"end":{"line":1,"column":63}},"1":{"start":{"line":2,"column":16},"end":{"line":2,"column":49}},"2":{"start":{"line":3,"column":14},"end":{"line":3,"column":45}},"3":{"start":{"line":4,"column":14},"end":{"line":4,"column":45}},"4":{"start":{"line":5,"column":13},"end":{"line":5,"column":43}},"5":{"start":{"line":7,"column":33},"end":{"line":45,"column":1}},"6":{"start":{"line":8,"column":2},"end":{"line":44,"column":3}},"7":{"start":{"line":9,"column":38},"end":{"line":9,"column":46}},"8":{"start":{"line":10,"column":19},"end":{"line":10,"column":31}},"9":{"start":{"line":12,"column":4},"end":{"line":14,"column":5}},"10":{"start":{"line":13,"column":6},"end":{"line":13,"column":74}},"11":{"start":{"line":17,"column":26},"end":{"line":21,"column":6}},"12":{"start":{"line":24,"column":20},"end":{"line":34,"column":6}},"13":{"start":{"line":36,"column":4},"end":{"line":40,"column":7}},"14":{"start":{"line":42,"column":4},"end":{"line":42,"column":70}},"15":{"start":{"line":43,"column":4},"end":{"line":43,"column":93}},"16":{"start":{"line":48,"column":29},"end":{"line":87,"column":1}},"17":{"start":{"line":49,"column":14},"end":{"line":49,"column":45}},"18":{"start":{"line":51,"column":2},"end":{"line":86,"column":3}},"19":{"start":{"line":52,"column":18},"end":{"line":56,"column":5}},"20":{"start":{"line":58,"column":4},"end":{"line":80,"column":5}},"21":{"start":{"line":59,"column":28},"end":{"line":59,"column":45}},"22":{"start":{"line":61,"column":22},"end":{"line":61,"column":82}},"23":{"start":{"line":63,"column":6},"end":{"line":68,"column":7}},"24":{"start":{"line":64,"column":8},"end":{"line":64,"column":34}},"25":{"start":{"line":65,"column":8},"end":{"line":65,"column":44}},"26":{"start":{"line":66,"column":8},"end":{"line":66,"column":29}},"27":{"start":{"line":67,"column":8},"end":{"line":67,"column":74}},"28":{"start":{"line":69,"column":11},"end":{"line":80,"column":5}},"29":{"start":{"line":70,"column":28},"end":{"line":70,"column":45}},"30":{"start":{"line":72,"column":22},"end":{"line":72,"column":82}},"31":{"start":{"line":74,"column":6},"end":{"line":79,"column":7}},"32":{"start":{"line":75,"column":8},"end":{"line":75,"column":37}},"33":{"start":{"line":76,"column":8},"end":{"line":76,"column":41}},"34":{"start":{"line":77,"column":8},"end":{"line":77,"column":29}},"35":{"start":{"line":78,"column":8},"end":{"line":78,"column":71}},"36":{"start":{"line":82,"column":4},"end":{"line":82,"column":45}},"37":{"start":{"line":84,"column":4},"end":{"line":84,"column":75}},"38":{"start":{"line":85,"column":4},"end":{"line":85,"column":60}},"39":{"start":{"line":90,"column":24},"end":{"line":101,"column":1}},"40":{"start":{"line":91,"column":2},"end":{"line":100,"column":3}},"41":{"start":{"line":92,"column":21},"end":{"line":94,"column":41}},"42":{"start":{"line":96,"column":4},"end":{"line":96,"column":39}},"43":{"start":{"line":98,"column":4},"end":{"line":98,"column":61}},"44":{"start":{"line":99,"column":4},"end":{"line":99,"column":66}},"45":{"start":{"line":103,"column":22},"end":{"line":125,"column":1}},"46":{"start":{"line":104,"column":2},"end":{"line":124,"column":3}},"47":{"start":{"line":105,"column":22},"end":{"line":105,"column":35}},"48":{"start":{"line":106,"column":20},"end":{"line":106,"column":53}},"49":{"start":{"line":108,"column":4},"end":{"line":110,"column":5}},"50":{"start":{"line":109,"column":6},"end":{"line":109,"column":65}},"51":{"start":{"line":112,"column":4},"end":{"line":115,"column":5}},"52":{"start":{"line":113,"column":6},"end":{"line":113,"column":79}},"53":{"start":{"line":114,"column":6},"end":{"line":114,"column":41}},"54":{"start":{"line":117,"column":4},"end":{"line":117,"column":33}},"55":{"start":{"line":118,"column":4},"end":{"line":118,"column":25}},"56":{"start":{"line":120,"column":4},"end":{"line":120,"column":81}},"57":{"start":{"line":122,"column":4},"end":{"line":122,"column":62}},"58":{"start":{"line":123,"column":4},"end":{"line":123,"column":63}},"59":{"start":{"line":127,"column":23},"end":{"line":138,"column":1}},"60":{"start":{"line":128,"column":2},"end":{"line":137,"column":3}},"61":{"start":{"line":129,"column":21},"end":{"line":131,"column":41}},"62":{"start":{"line":133,"column":4},"end":{"line":133,"column":39}},"63":{"start":{"line":135,"column":4},"end":{"line":135,"column":65}},"64":{"start":{"line":136,"column":4},"end":{"line":136,"column":66}},"65":{"start":{"line":140,"column":24},"end":{"line":158,"column":1}},"66":{"start":{"line":141,"column":2},"end":{"line":157,"column":3}},"67":{"start":{"line":142,"column":22},"end":{"line":142,"column":35}},"68":{"start":{"line":143,"column":20},"end":{"line":143,"column":53}},"69":{"start":{"line":145,"column":4},"end":{"line":147,"column":5}},"70":{"start":{"line":146,"column":6},"end":{"line":146,"column":65}},"71":{"start":{"line":149,"column":4},"end":{"line":149,"column":33}},"72":{"start":{"line":150,"column":4},"end":{"line":150,"column":40}},"73":{"start":{"line":151,"column":4},"end":{"line":151,"column":25}},"74":{"start":{"line":153,"column":4},"end":{"line":153,"column":66}},"75":{"start":{"line":155,"column":4},"end":{"line":155,"column":72}},"76":{"start":{"line":156,"column":4},"end":{"line":156,"column":74}},"77":{"start":{"line":161,"column":34},"end":{"line":187,"column":1}},"78":{"start":{"line":162,"column":2},"end":{"line":186,"column":3}},"79":{"start":{"line":163,"column":30},"end":{"line":163,"column":40}},"80":{"start":{"line":165,"column":23},"end":{"line":165,"column":37}},"81":{"start":{"line":166,"column":4},"end":{"line":166,"column":36}},"82":{"start":{"line":167,"column":21},"end":{"line":167,"column":35}},"83":{"start":{"line":168,"column":4},"end":{"line":168,"column":39}},"84":{"start":{"line":170,"column":21},"end":{"line":174,"column":6}},"85":{"start":{"line":176,"column":18},"end":{"line":180,"column":6}},"86":{"start":{"line":177,"column":20},"end":{"line":177,"column":69}},"87":{"start":{"line":178,"column":18},"end":{"line":178,"column":65}},"88":{"start":{"line":179,"column":6},"end":{"line":179,"column":31}},"89":{"start":{"line":182,"column":4},"end":{"line":182,"column":49}},"90":{"start":{"line":184,"column":4},"end":{"line":184,"column":57}},"91":{"start":{"line":185,"column":4},"end":{"line":185,"column":70}},"92":{"start":{"line":190,"column":0},"end":{"line":198,"column":2}}},"fnMap":{"0":{"name":"(anonymous_0)","decl":{"start":{"line":7,"column":33},"end":{"line":7,"column":34}},"loc":{"start":{"line":7,"column":53},"end":{"line":45,"column":1}},"line":7},"1":{"name":"(anonymous_1)","decl":{"start":{"line":48,"column":29},"end":{"line":48,"column":30}},"loc":{"start":{"line":48,"column":49},"end":{"line":87,"column":1}},"line":48},"2":{"name":"(anonymous_2)","decl":{"start":{"line":90,"column":24},"end":{"line":90,"column":25}},"loc":{"start":{"line":90,"column":44},"end":{"line":101,"column":1}},"line":90},"3":{"name":"(anonymous_3)","decl":{"start":{"line":103,"column":22},"end":{"line":103,"column":23}},"loc":{"start":{"line":103,"column":42},"end":{"line":125,"column":1}},"line":103},"4":{"name":"(anonymous_4)","decl":{"start":{"line":127,"column":23},"end":{"line":127,"column":24}},"loc":{"start":{"line":127,"column":43},"end":{"line":138,"column":1}},"line":127},"5":{"name":"(anonymous_5)","decl":{"start":{"line":140,"column":24},"end":{"line":140,"column":25}},"loc":{"start":{"line":140,"column":44},"end":{"line":158,"column":1}},"line":140},"6":{"name":"(anonymous_6)","decl":{"start":{"line":161,"column":34},"end":{"line":161,"column":35}},"loc":{"start":{"line":161,"column":54},"end":{"line":187,"column":1}},"line":161},"7":{"name":"(anonymous_7)","decl":{"start":{"line":176,"column":31},"end":{"line":176,"column":32}},"loc":{"start":{"line":176,"column":38},"end":{"line":180,"column":5}},"line":176}},"branchMap":{"0":{"loc":{"start":{"line":12,"column":4},"end":{"line":14,"column":5}},"type":"if","locations":[{"start":{"line":12,"column":4},"end":{"line":14,"column":5}},{"start":{},"end":{}}],"line":12},"1":{"loc":{"start":{"line":12,"column":8},"end":{"line":12,"column":57}},"type":"binary-expr","locations":[{"start":{"line":12,"column":8},"end":{"line":12,"column":16}},{"start":{"line":12,"column":20},"end":{"line":12,"column":32}},{"start":{"line":12,"column":36},"end":{"line":12,"column":46}},{"start":{"line":12,"column":50},"end":{"line":12,"column":57}}],"line":12},"2":{"loc":{"start":{"line":58,"column":4},"end":{"line":80,"column":5}},"type":"if","locations":[{"start":{"line":58,"column":4},"end":{"line":80,"column":5}},{"start":{"line":69,"column":11},"end":{"line":80,"column":5}}],"line":58},"3":{"loc":{"start":{"line":63,"column":6},"end":{"line":68,"column":7}},"type":"if","locations":[{"start":{"line":63,"column":6},"end":{"line":68,"column":7}},{"start":{},"end":{}}],"line":63},"4":{"loc":{"start":{"line":69,"column":11},"end":{"line":80,"column":5}},"type":"if","locations":[{"start":{"line":69,"column":11},"end":{"line":80,"column":5}},{"start":{},"end":{}}],"line":69},"5":{"loc":{"start":{"line":74,"column":6},"end":{"line":79,"column":7}},"type":"if","locations":[{"start":{"line":74,"column":6},"end":{"line":79,"column":7}},{"start":{},"end":{}}],"line":74},"6":{"loc":{"start":{"line":108,"column":4},"end":{"line":110,"column":5}},"type":"if","locations":[{"start":{"line":108,"column":4},"end":{"line":110,"column":5}},{"start":{},"end":{}}],"line":108},"7":{"loc":{"start":{"line":112,"column":4},"end":{"line":115,"column":5}},"type":"if","locations":[{"start":{"line":112,"column":4},"end":{"line":115,"column":5}},{"start":{},"end":{}}],"line":112},"8":{"loc":{"start":{"line":145,"column":4},"end":{"line":147,"column":5}},"type":"if","locations":[{"start":{"line":145,"column":4},"end":{"line":147,"column":5}},{"start":{},"end":{}}],"line":145}},"s":{"0":1,"1":1,"2":1,"3":1,"4":1,"5":1,"6":0,"7":0,"8":0,"9":0,"10":0,"11":0,"12":0,"13":0,"14":0,"15":0,"16":1,"17":0,"18":0,"19":0,"20":0,"21":0,"22":0,"23":0,"24":0,"25":0,"26":0,"27":0,"28":0,"29":0,"30":0,"31":0,"32":0,"33":0,"34":0,"35":0,"36":0,"37":0,"38":0,"39":1,"40":0,"41":0,"42":0,"43":0,"44":0,"45":1,"46":0,"47":0,"48":0,"49":0,"50":0,"51":0,"52":0,"53":0,"54":0,"55":0,"56":0,"57":0,"58":0,"59":1,"60":0,"61":0,"62":0,"63":0,"64":0,"65":1,"66":0,"67":0,"68":0,"69":0,"70":0,"71":0,"72":0,"73":0,"74":0,"75":0,"76":0,"77":1,"78":0,"79":0,"80":0,"81":0,"82":0,"83":0,"84":0,"85":0,"86":0,"87":0,"88":0,"89":0,"90":0,"91":0,"92":1},"f":{"0":0,"1":0,"2":0,"3":0,"4":0,"5":0,"6":0,"7":0},"b":{"0":[0,0],"1":[0,0,0,0],"2":[0,0],"3":[0,0],"4":[0,0],"5":[0,0],"6":[0,0],"7":[0,0],"8":[0,0]},"_coverageSchema":"1a1c01bbd47fc00a2c39e90264f33305004495a9","hash":"f688a4b636a7978dafdd0c398493c03982f8f61d"}
,"/Users/dmitrodubina/Downloads/diplo-sport/backend/controllers/chatControllers.js": {"path":"/Users/dmitrodubina/Downloads/diplo-sport/backend/controllers/chatControllers.js","statementMap":{"0":{"start":{"line":1,"column":16},"end":{"line":1,"column":49}},"1":{"start":{"line":2,"column":13},"end":{"line":2,"column":43}},"2":{"start":{"line":4,"column":20},"end":{"line":35,"column":1}},"3":{"start":{"line":5,"column":2},"end":{"line":34,"column":3}},"4":{"start":{"line":6,"column":21},"end":{"line":6,"column":33}},"5":{"start":{"line":7,"column":37},"end":{"line":7,"column":45}},"6":{"start":{"line":9,"column":22},"end":{"line":9,"column":54}},"7":{"start":{"line":10,"column":4},"end":{"line":12,"column":5}},"8":{"start":{"line":11,"column":6},"end":{"line":11,"column":46}},"9":{"start":{"line":14,"column":20},"end":{"line":18,"column":6}},"10":{"start":{"line":21,"column":4},"end":{"line":29,"column":5}},"11":{"start":{"line":22,"column":6},"end":{"line":28,"column":9}},"12":{"start":{"line":31,"column":4},"end":{"line":31,"column":34}},"13":{"start":{"line":33,"column":4},"end":{"line":33,"column":60}},"14":{"start":{"line":37,"column":16},"end":{"line":53,"column":1}},"15":{"start":{"line":38,"column":2},"end":{"line":52,"column":3}},"16":{"start":{"line":39,"column":19},"end":{"line":39,"column":31}},"17":{"start":{"line":40,"column":23},"end":{"line":40,"column":44}},"18":{"start":{"line":42,"column":21},"end":{"line":47,"column":29}},"19":{"start":{"line":49,"column":4},"end":{"line":49,"column":35}},"20":{"start":{"line":51,"column":4},"end":{"line":51,"column":60}},"21":{"start":{"line":55,"column":20},"end":{"line":92,"column":1}},"22":{"start":{"line":56,"column":2},"end":{"line":91,"column":3}},"23":{"start":{"line":57,"column":19},"end":{"line":57,"column":31}},"24":{"start":{"line":59,"column":21},"end":{"line":64,"column":46}},"25":{"start":{"line":66,"column":20},"end":{"line":66,"column":29}},"26":{"start":{"line":68,"column":4},"end":{"line":84,"column":7}},"27":{"start":{"line":69,"column":23},"end":{"line":69,"column":52}},"28":{"start":{"line":70,"column":24},"end":{"line":70,"column":61}},"29":{"start":{"line":71,"column":26},"end":{"line":71,"column":50}},"30":{"start":{"line":73,"column":6},"end":{"line":83,"column":7}},"31":{"start":{"line":74,"column":8},"end":{"line":82,"column":11}},"32":{"start":{"line":86,"column":18},"end":{"line":86,"column":46}},"33":{"start":{"line":87,"column":4},"end":{"line":87,"column":32}},"34":{"start":{"line":89,"column":4},"end":{"line":89,"column":45}},"35":{"start":{"line":90,"column":4},"end":{"line":90,"column":58}},"36":{"start":{"line":95,"column":0},"end":{"line":95,"column":55}}},"fnMap":{"0":{"name":"(anonymous_0)","decl":{"start":{"line":4,"column":20},"end":{"line":4,"column":21}},"loc":{"start":{"line":4,"column":40},"end":{"line":35,"column":1}},"line":4},"1":{"name":"(anonymous_1)","decl":{"start":{"line":37,"column":16},"end":{"line":37,"column":17}},"loc":{"start":{"line":37,"column":36},"end":{"line":53,"column":1}},"line":37},"2":{"name":"(anonymous_2)","decl":{"start":{"line":55,"column":20},"end":{"line":55,"column":21}},"loc":{"start":{"line":55,"column":40},"end":{"line":92,"column":1}},"line":55},"3":{"name":"(anonymous_3)","decl":{"start":{"line":68,"column":21},"end":{"line":68,"column":22}},"loc":{"start":{"line":68,"column":30},"end":{"line":84,"column":5}},"line":68}},"branchMap":{"0":{"loc":{"start":{"line":10,"column":4},"end":{"line":12,"column":5}},"type":"if","locations":[{"start":{"line":10,"column":4},"end":{"line":12,"column":5}},{"start":{},"end":{}}],"line":10},"1":{"loc":{"start":{"line":21,"column":4},"end":{"line":29,"column":5}},"type":"if","locations":[{"start":{"line":21,"column":4},"end":{"line":29,"column":5}},{"start":{},"end":{}}],"line":21},"2":{"loc":{"start":{"line":70,"column":24},"end":{"line":70,"column":61}},"type":"cond-expr","locations":[{"start":{"line":70,"column":35},"end":{"line":70,"column":48}},{"start":{"line":70,"column":51},"end":{"line":70,"column":61}}],"line":70},"3":{"loc":{"start":{"line":73,"column":6},"end":{"line":83,"column":7}},"type":"if","locations":[{"start":{"line":73,"column":6},"end":{"line":83,"column":7}},{"start":{},"end":{}}],"line":73}},"s":{"0":1,"1":1,"2":1,"3":0,"4":0,"5":0,"6":0,"7":0,"8":0,"9":0,"10":0,"11":0,"12":0,"13":0,"14":1,"15":0,"16":0,"17":0,"18":0,"19":0,"20":0,"21":1,"22":0,"23":0,"24":0,"25":0,"26":0,"27":0,"28":0,"29":0,"30":0,"31":0,"32":0,"33":0,"34":0,"35":0,"36":1},"f":{"0":0,"1":0,"2":0,"3":0},"b":{"0":[0,0],"1":[0,0],"2":[0,0],"3":[0,0]},"_coverageSchema":"1a1c01bbd47fc00a2c39e90264f33305004495a9","hash":"4b5d07244a3dea7a3cdec7744e9c0a6d14b40fa2"}
,"/Users/dmitrodubina/Downloads/diplo-sport/backend/controllers/eventControllers.js": {"path":"/Users/dmitrodubina/Downloads/diplo-sport/backend/controllers/eventControllers.js","statementMap":{"0":{"start":{"line":1,"column":14},"end":{"line":1,"column":45}},"1":{"start":{"line":2,"column":13},"end":{"line":2,"column":43}},"2":{"start":{"line":3,"column":14},"end":{"line":3,"column":45}},"3":{"start":{"line":5,"column":16},"end":{"line":5,"column":49}},"4":{"start":{"line":6,"column":0},"end":{"line":6,"column":27}},"5":{"start":{"line":7,"column":15},"end":{"line":7,"column":63}},"6":{"start":{"line":10,"column":4},"end":{"line":10,"column":49}},"7":{"start":{"line":12,"column":26},"end":{"line":40,"column":1}},"8":{"start":{"line":13,"column":2},"end":{"line":39,"column":3}},"9":{"start":{"line":14,"column":24},"end":{"line":14,"column":34}},"10":{"start":{"line":15,"column":31},"end":{"line":15,"column":39}},"11":{"start":{"line":17,"column":18},"end":{"line":17,"column":47}},"12":{"start":{"line":18,"column":4},"end":{"line":20,"column":5}},"13":{"start":{"line":19,"column":6},"end":{"line":19,"column":66}},"14":{"start":{"line":23,"column":4},"end":{"line":25,"column":5}},"15":{"start":{"line":24,"column":6},"end":{"line":24,"column":80}},"16":{"start":{"line":28,"column":4},"end":{"line":30,"column":5}},"17":{"start":{"line":29,"column":6},"end":{"line":29,"column":71}},"18":{"start":{"line":32,"column":4},"end":{"line":32,"column":44}},"19":{"start":{"line":33,"column":4},"end":{"line":33,"column":23}},"20":{"start":{"line":35,"column":4},"end":{"line":35,"column":90}},"21":{"start":{"line":37,"column":4},"end":{"line":37,"column":49}},"22":{"start":{"line":38,"column":4},"end":{"line":38,"column":63}},"23":{"start":{"line":42,"column":21},"end":{"line":78,"column":1}},"24":{"start":{"line":43,"column":2},"end":{"line":77,"column":3}},"25":{"start":{"line":44,"column":24},"end":{"line":44,"column":34}},"26":{"start":{"line":45,"column":19},"end":{"line":45,"column":31}},"27":{"start":{"line":47,"column":18},"end":{"line":47,"column":47}},"28":{"start":{"line":48,"column":4},"end":{"line":50,"column":5}},"29":{"start":{"line":49,"column":6},"end":{"line":49,"column":66}},"30":{"start":{"line":53,"column":4},"end":{"line":55,"column":5}},"31":{"start":{"line":54,"column":6},"end":{"line":54,"column":84}},"32":{"start":{"line":58,"column":4},"end":{"line":60,"column":5}},"33":{"start":{"line":59,"column":6},"end":{"line":59,"column":65}},"34":{"start":{"line":63,"column":4},"end":{"line":65,"column":6}},"35":{"start":{"line":64,"column":14},"end":{"line":64,"column":49}},"36":{"start":{"line":66,"column":4},"end":{"line":66,"column":36}},"37":{"start":{"line":67,"column":4},"end":{"line":67,"column":23}},"38":{"start":{"line":69,"column":17},"end":{"line":69,"column":44}},"39":{"start":{"line":70,"column":4},"end":{"line":70,"column":40}},"40":{"start":{"line":71,"column":4},"end":{"line":71,"column":22}},"41":{"start":{"line":73,"column":4},"end":{"line":73,"column":81}},"42":{"start":{"line":75,"column":4},"end":{"line":75,"column":52}},"43":{"start":{"line":76,"column":4},"end":{"line":76,"column":69}},"44":{"start":{"line":80,"column":27},"end":{"line":91,"column":1}},"45":{"start":{"line":81,"column":2},"end":{"line":90,"column":3}},"46":{"start":{"line":82,"column":24},"end":{"line":84,"column":36}},"47":{"start":{"line":86,"column":4},"end":{"line":86,"column":42}},"48":{"start":{"line":88,"column":4},"end":{"line":88,"column":56}},"49":{"start":{"line":89,"column":4},"end":{"line":89,"column":68}},"50":{"start":{"line":97,"column":31},"end":{"line":135,"column":1}},"51":{"start":{"line":98,"column":2},"end":{"line":134,"column":3}},"52":{"start":{"line":99,"column":4},"end":{"line":99,"column":49}},"53":{"start":{"line":101,"column":19},"end":{"line":101,"column":31}},"54":{"start":{"line":102,"column":17},"end":{"line":102,"column":44}},"55":{"start":{"line":103,"column":24},"end":{"line":110,"column":5}},"56":{"start":{"line":111,"column":4},"end":{"line":111,"column":40}},"57":{"start":{"line":112,"column":21},"end":{"line":112,"column":64}},"58":{"start":{"line":113,"column":4},"end":{"line":113,"column":39}},"59":{"start":{"line":114,"column":28},"end":{"line":121,"column":7}},"60":{"start":{"line":114,"column":52},"end":{"line":121,"column":5}},"61":{"start":{"line":123,"column":34},"end":{"line":127,"column":5}},"62":{"start":{"line":128,"column":4},"end":{"line":128,"column":48}},"63":{"start":{"line":129,"column":4},"end":{"line":129,"column":43}},"64":{"start":{"line":132,"column":4},"end":{"line":132,"column":55}},"65":{"start":{"line":133,"column":4},"end":{"line":133,"column":68}},"66":{"start":{"line":202,"column":27},"end":{"line":281,"column":1}},"67":{"start":{"line":203,"column":2},"end":{"line":280,"column":3}},"68":{"start":{"line":204,"column":4},"end":{"line":204,"column":45}},"69":{"start":{"line":205,"column":19},"end":{"line":205,"column":49}},"70":{"start":{"line":206,"column":17},"end":{"line":206,"column":44}},"71":{"start":{"line":208,"column":4},"end":{"line":210,"column":5}},"72":{"start":{"line":209,"column":6},"end":{"line":209,"column":65}},"73":{"start":{"line":212,"column":19},"end":{"line":212,"column":55}},"74":{"start":{"line":213,"column":24},"end":{"line":220,"column":5}},"75":{"start":{"line":222,"column":29},"end":{"line":230,"column":7}},"76":{"start":{"line":222,"column":48},"end":{"line":230,"column":5}},"77":{"start":{"line":232,"column":30},"end":{"line":232,"column":103}},"78":{"start":{"line":233,"column":27},"end":{"line":240,"column":7}},"79":{"start":{"line":233,"column":57},"end":{"line":240,"column":5}},"80":{"start":{"line":242,"column":28},"end":{"line":242,"column":54}},"81":{"start":{"line":244,"column":19},"end":{"line":249,"column":5}},"82":{"start":{"line":251,"column":4},"end":{"line":251,"column":54}},"83":{"start":{"line":253,"column":4},"end":{"line":256,"column":5}},"84":{"start":{"line":254,"column":6},"end":{"line":254,"column":75}},"85":{"start":{"line":255,"column":6},"end":{"line":255,"column":79}},"86":{"start":{"line":258,"column":21},"end":{"line":272,"column":22}},"87":{"start":{"line":259,"column":19},"end":{"line":259,"column":72}},"88":{"start":{"line":259,"column":38},"end":{"line":259,"column":71}},"89":{"start":{"line":260,"column":6},"end":{"line":260,"column":29}},"90":{"start":{"line":260,"column":17},"end":{"line":260,"column":29}},"91":{"start":{"line":262,"column":6},"end":{"line":271,"column":8}},"92":{"start":{"line":275,"column":4},"end":{"line":275,"column":56}},"93":{"start":{"line":278,"column":4},"end":{"line":278,"column":50}},"94":{"start":{"line":279,"column":4},"end":{"line":279,"column":63}},"95":{"start":{"line":284,"column":31},"end":{"line":406,"column":1}},"96":{"start":{"line":285,"column":2},"end":{"line":405,"column":3}},"97":{"start":{"line":297,"column":8},"end":{"line":297,"column":16}},"98":{"start":{"line":298,"column":19},"end":{"line":298,"column":31}},"99":{"start":{"line":300,"column":4},"end":{"line":312,"column":5}},"100":{"start":{"line":311,"column":6},"end":{"line":311,"column":74}},"101":{"start":{"line":317,"column":4},"end":{"line":352,"column":5}},"102":{"start":{"line":318,"column":6},"end":{"line":328,"column":7}},"103":{"start":{"line":319,"column":8},"end":{"line":323,"column":11}},"104":{"start":{"line":325,"column":8},"end":{"line":327,"column":63}},"105":{"start":{"line":330,"column":6},"end":{"line":340,"column":9}},"106":{"start":{"line":342,"column":6},"end":{"line":351,"column":9}},"107":{"start":{"line":354,"column":23},"end":{"line":363,"column":5}},"108":{"start":{"line":365,"column":4},"end":{"line":376,"column":6}},"109":{"start":{"line":378,"column":18},"end":{"line":390,"column":6}},"110":{"start":{"line":392,"column":4},"end":{"line":399,"column":7}},"111":{"start":{"line":401,"column":4},"end":{"line":401,"column":71}},"112":{"start":{"line":402,"column":4},"end":{"line":404,"column":72}},"113":{"start":{"line":408,"column":20},"end":{"line":554,"column":1}},"114":{"start":{"line":409,"column":2},"end":{"line":553,"column":3}},"115":{"start":{"line":420,"column":8},"end":{"line":420,"column":16}},"116":{"start":{"line":422,"column":4},"end":{"line":436,"column":5}},"117":{"start":{"line":430,"column":6},"end":{"line":435,"column":9}},"118":{"start":{"line":438,"column":4},"end":{"line":445,"column":5}},"119":{"start":{"line":439,"column":6},"end":{"line":444,"column":9}},"120":{"start":{"line":447,"column":4},"end":{"line":454,"column":5}},"121":{"start":{"line":448,"column":6},"end":{"line":453,"column":9}},"122":{"start":{"line":456,"column":22},"end":{"line":456,"column":36}},"123":{"start":{"line":457,"column":4},"end":{"line":464,"column":5}},"124":{"start":{"line":458,"column":6},"end":{"line":463,"column":9}},"125":{"start":{"line":466,"column":4},"end":{"line":521,"column":5}},"126":{"start":{"line":467,"column":28},"end":{"line":467,"column":55}},"127":{"start":{"line":469,"column":6},"end":{"line":476,"column":7}},"128":{"start":{"line":470,"column":8},"end":{"line":475,"column":11}},"129":{"start":{"line":478,"column":28},"end":{"line":482,"column":8}},"130":{"start":{"line":484,"column":6},"end":{"line":491,"column":7}},"131":{"start":{"line":485,"column":8},"end":{"line":490,"column":11}},"132":{"start":{"line":493,"column":6},"end":{"line":500,"column":7}},"133":{"start":{"line":494,"column":8},"end":{"line":499,"column":11}},"134":{"start":{"line":502,"column":24},"end":{"line":504,"column":8}},"135":{"start":{"line":505,"column":28},"end":{"line":507,"column":7}},"136":{"start":{"line":506,"column":18},"end":{"line":506,"column":40}},"137":{"start":{"line":509,"column":6},"end":{"line":520,"column":7}},"138":{"start":{"line":514,"column":8},"end":{"line":519,"column":11}},"139":{"start":{"line":523,"column":21},"end":{"line":534,"column":6}},"140":{"start":{"line":536,"column":4},"end":{"line":536,"column":26}},"141":{"start":{"line":538,"column":4},"end":{"line":544,"column":7}},"142":{"start":{"line":546,"column":4},"end":{"line":546,"column":51}},"143":{"start":{"line":547,"column":4},"end":{"line":552,"column":7}},"144":{"start":{"line":556,"column":21},"end":{"line":578,"column":1}},"145":{"start":{"line":557,"column":2},"end":{"line":577,"column":3}},"146":{"start":{"line":558,"column":19},"end":{"line":558,"column":49}},"147":{"start":{"line":559,"column":4},"end":{"line":559,"column":24}},"148":{"start":{"line":561,"column":19},"end":{"line":563,"column":41}},"149":{"start":{"line":565,"column":29},"end":{"line":569,"column":7}},"150":{"start":{"line":565,"column":52},"end":{"line":569,"column":5}},"151":{"start":{"line":571,"column":4},"end":{"line":571,"column":43}},"152":{"start":{"line":573,"column":4},"end":{"line":573,"column":52}},"153":{"start":{"line":574,"column":4},"end":{"line":576,"column":7}},"154":{"start":{"line":580,"column":18},"end":{"line":635,"column":1}},"155":{"start":{"line":581,"column":2},"end":{"line":634,"column":3}},"156":{"start":{"line":582,"column":20},"end":{"line":582,"column":38}},"157":{"start":{"line":583,"column":19},"end":{"line":583,"column":31}},"158":{"start":{"line":585,"column":18},"end":{"line":585,"column":47}},"159":{"start":{"line":586,"column":4},"end":{"line":590,"column":5}},"160":{"start":{"line":587,"column":6},"end":{"line":589,"column":9}},"161":{"start":{"line":592,"column":4},"end":{"line":599,"column":5}},"162":{"start":{"line":593,"column":6},"end":{"line":598,"column":9}},"163":{"start":{"line":601,"column":4},"end":{"line":608,"column":5}},"164":{"start":{"line":602,"column":6},"end":{"line":607,"column":9}},"165":{"start":{"line":611,"column":4},"end":{"line":611,"column":36}},"166":{"start":{"line":612,"column":4},"end":{"line":612,"column":23}},"167":{"start":{"line":615,"column":17},"end":{"line":615,"column":44}},"168":{"start":{"line":616,"column":4},"end":{"line":616,"column":38}},"169":{"start":{"line":617,"column":4},"end":{"line":617,"column":22}},"170":{"start":{"line":619,"column":4},"end":{"line":625,"column":7}},"171":{"start":{"line":627,"column":4},"end":{"line":627,"column":49}},"172":{"start":{"line":628,"column":4},"end":{"line":633,"column":7}},"173":{"start":{"line":637,"column":21},"end":{"line":660,"column":1}},"174":{"start":{"line":638,"column":2},"end":{"line":659,"column":3}},"175":{"start":{"line":639,"column":18},"end":{"line":642,"column":41}},"176":{"start":{"line":644,"column":4},"end":{"line":648,"column":5}},"177":{"start":{"line":645,"column":6},"end":{"line":647,"column":9}},"178":{"start":{"line":650,"column":4},"end":{"line":650,"column":32}},"179":{"start":{"line":652,"column":4},"end":{"line":652,"column":51}},"180":{"start":{"line":653,"column":4},"end":{"line":658,"column":7}},"181":{"start":{"line":663,"column":19},"end":{"line":714,"column":1}},"182":{"start":{"line":664,"column":2},"end":{"line":713,"column":3}},"183":{"start":{"line":665,"column":20},"end":{"line":665,"column":38}},"184":{"start":{"line":666,"column":19},"end":{"line":666,"column":31}},"185":{"start":{"line":668,"column":18},"end":{"line":668,"column":47}},"186":{"start":{"line":669,"column":4},"end":{"line":673,"column":5}},"187":{"start":{"line":670,"column":6},"end":{"line":672,"column":9}},"188":{"start":{"line":676,"column":4},"end":{"line":683,"column":5}},"189":{"start":{"line":677,"column":6},"end":{"line":682,"column":9}},"190":{"start":{"line":686,"column":4},"end":{"line":688,"column":6}},"191":{"start":{"line":687,"column":14},"end":{"line":687,"column":49}},"192":{"start":{"line":689,"column":4},"end":{"line":689,"column":23}},"193":{"start":{"line":692,"column":17},"end":{"line":692,"column":44}},"194":{"start":{"line":693,"column":4},"end":{"line":695,"column":6}},"195":{"start":{"line":694,"column":14},"end":{"line":694,"column":50}},"196":{"start":{"line":696,"column":4},"end":{"line":696,"column":22}},"197":{"start":{"line":698,"column":4},"end":{"line":704,"column":7}},"198":{"start":{"line":706,"column":4},"end":{"line":706,"column":49}},"199":{"start":{"line":707,"column":4},"end":{"line":712,"column":7}},"200":{"start":{"line":716,"column":20},"end":{"line":749,"column":1}},"201":{"start":{"line":717,"column":2},"end":{"line":748,"column":3}},"202":{"start":{"line":718,"column":18},"end":{"line":718,"column":58}},"203":{"start":{"line":719,"column":4},"end":{"line":723,"column":5}},"204":{"start":{"line":720,"column":6},"end":{"line":722,"column":9}},"205":{"start":{"line":726,"column":4},"end":{"line":733,"column":5}},"206":{"start":{"line":727,"column":6},"end":{"line":732,"column":9}},"207":{"start":{"line":735,"column":4},"end":{"line":735,"column":28}},"208":{"start":{"line":737,"column":4},"end":{"line":742,"column":7}},"209":{"start":{"line":744,"column":4},"end":{"line":744,"column":52}},"210":{"start":{"line":745,"column":4},"end":{"line":747,"column":7}},"211":{"start":{"line":751,"column":27},"end":{"line":760,"column":1}},"212":{"start":{"line":752,"column":2},"end":{"line":759,"column":3}},"213":{"start":{"line":753,"column":19},"end":{"line":753,"column":31}},"214":{"start":{"line":754,"column":19},"end":{"line":754,"column":93}},"215":{"start":{"line":755,"column":4},"end":{"line":755,"column":33}},"216":{"start":{"line":757,"column":4},"end":{"line":757,"column":66}},"217":{"start":{"line":758,"column":4},"end":{"line":758,"column":80}},"218":{"start":{"line":762,"column":26},"end":{"line":771,"column":1}},"219":{"start":{"line":763,"column":2},"end":{"line":770,"column":3}},"220":{"start":{"line":764,"column":19},"end":{"line":764,"column":31}},"221":{"start":{"line":765,"column":19},"end":{"line":765,"column":96}},"222":{"start":{"line":766,"column":4},"end":{"line":766,"column":33}},"223":{"start":{"line":768,"column":4},"end":{"line":768,"column":58}},"224":{"start":{"line":769,"column":4},"end":{"line":769,"column":79}},"225":{"start":{"line":774,"column":0},"end":{"line":789,"column":2}}},"fnMap":{"0":{"name":"(anonymous_0)","decl":{"start":{"line":12,"column":26},"end":{"line":12,"column":27}},"loc":{"start":{"line":12,"column":46},"end":{"line":40,"column":1}},"line":12},"1":{"name":"(anonymous_1)","decl":{"start":{"line":42,"column":21},"end":{"line":42,"column":22}},"loc":{"start":{"line":42,"column":41},"end":{"line":78,"column":1}},"line":42},"2":{"name":"(anonymous_2)","decl":{"start":{"line":64,"column":6},"end":{"line":64,"column":7}},"loc":{"start":{"line":64,"column":14},"end":{"line":64,"column":49}},"line":64},"3":{"name":"(anonymous_3)","decl":{"start":{"line":80,"column":27},"end":{"line":80,"column":28}},"loc":{"start":{"line":80,"column":47},"end":{"line":91,"column":1}},"line":80},"4":{"name":"(anonymous_4)","decl":{"start":{"line":97,"column":31},"end":{"line":97,"column":32}},"loc":{"start":{"line":97,"column":51},"end":{"line":135,"column":1}},"line":97},"5":{"name":"(anonymous_5)","decl":{"start":{"line":114,"column":41},"end":{"line":114,"column":42}},"loc":{"start":{"line":114,"column":52},"end":{"line":121,"column":5}},"line":114},"6":{"name":"(anonymous_6)","decl":{"start":{"line":202,"column":27},"end":{"line":202,"column":28}},"loc":{"start":{"line":202,"column":47},"end":{"line":281,"column":1}},"line":202},"7":{"name":"(anonymous_7)","decl":{"start":{"line":222,"column":40},"end":{"line":222,"column":41}},"loc":{"start":{"line":222,"column":48},"end":{"line":230,"column":5}},"line":222},"8":{"name":"(anonymous_8)","decl":{"start":{"line":233,"column":49},"end":{"line":233,"column":50}},"loc":{"start":{"line":233,"column":57},"end":{"line":240,"column":5}},"line":233},"9":{"name":"(anonymous_9)","decl":{"start":{"line":258,"column":48},"end":{"line":258,"column":49}},"loc":{"start":{"line":258,"column":57},"end":{"line":272,"column":5}},"line":258},"10":{"name":"(anonymous_10)","decl":{"start":{"line":259,"column":31},"end":{"line":259,"column":32}},"loc":{"start":{"line":259,"column":38},"end":{"line":259,"column":71}},"line":259},"11":{"name":"(anonymous_11)","decl":{"start":{"line":284,"column":31},"end":{"line":284,"column":32}},"loc":{"start":{"line":284,"column":51},"end":{"line":406,"column":1}},"line":284},"12":{"name":"(anonymous_12)","decl":{"start":{"line":408,"column":20},"end":{"line":408,"column":21}},"loc":{"start":{"line":408,"column":40},"end":{"line":554,"column":1}},"line":408},"13":{"name":"(anonymous_13)","decl":{"start":{"line":506,"column":8},"end":{"line":506,"column":9}},"loc":{"start":{"line":506,"column":18},"end":{"line":506,"column":40}},"line":506},"14":{"name":"(anonymous_14)","decl":{"start":{"line":556,"column":21},"end":{"line":556,"column":22}},"loc":{"start":{"line":556,"column":41},"end":{"line":578,"column":1}},"line":556},"15":{"name":"(anonymous_15)","decl":{"start":{"line":565,"column":40},"end":{"line":565,"column":41}},"loc":{"start":{"line":565,"column":52},"end":{"line":569,"column":5}},"line":565},"16":{"name":"(anonymous_16)","decl":{"start":{"line":580,"column":18},"end":{"line":580,"column":19}},"loc":{"start":{"line":580,"column":38},"end":{"line":635,"column":1}},"line":580},"17":{"name":"(anonymous_17)","decl":{"start":{"line":637,"column":21},"end":{"line":637,"column":22}},"loc":{"start":{"line":637,"column":41},"end":{"line":660,"column":1}},"line":637},"18":{"name":"(anonymous_18)","decl":{"start":{"line":663,"column":19},"end":{"line":663,"column":20}},"loc":{"start":{"line":663,"column":39},"end":{"line":714,"column":1}},"line":663},"19":{"name":"(anonymous_19)","decl":{"start":{"line":687,"column":6},"end":{"line":687,"column":7}},"loc":{"start":{"line":687,"column":14},"end":{"line":687,"column":49}},"line":687},"20":{"name":"(anonymous_20)","decl":{"start":{"line":694,"column":6},"end":{"line":694,"column":7}},"loc":{"start":{"line":694,"column":14},"end":{"line":694,"column":50}},"line":694},"21":{"name":"(anonymous_21)","decl":{"start":{"line":716,"column":20},"end":{"line":716,"column":21}},"loc":{"start":{"line":716,"column":40},"end":{"line":749,"column":1}},"line":716},"22":{"name":"(anonymous_22)","decl":{"start":{"line":751,"column":27},"end":{"line":751,"column":28}},"loc":{"start":{"line":751,"column":47},"end":{"line":760,"column":1}},"line":751},"23":{"name":"(anonymous_23)","decl":{"start":{"line":762,"column":26},"end":{"line":762,"column":27}},"loc":{"start":{"line":762,"column":46},"end":{"line":771,"column":1}},"line":762}},"branchMap":{"0":{"loc":{"start":{"line":18,"column":4},"end":{"line":20,"column":5}},"type":"if","locations":[{"start":{"line":18,"column":4},"end":{"line":20,"column":5}},{"start":{},"end":{}}],"line":18},"1":{"loc":{"start":{"line":23,"column":4},"end":{"line":25,"column":5}},"type":"if","locations":[{"start":{"line":23,"column":4},"end":{"line":25,"column":5}},{"start":{},"end":{}}],"line":23},"2":{"loc":{"start":{"line":28,"column":4},"end":{"line":30,"column":5}},"type":"if","locations":[{"start":{"line":28,"column":4},"end":{"line":30,"column":5}},{"start":{},"end":{}}],"line":28},"3":{"loc":{"start":{"line":48,"column":4},"end":{"line":50,"column":5}},"type":"if","locations":[{"start":{"line":48,"column":4},"end":{"line":50,"column":5}},{"start":{},"end":{}}],"line":48},"4":{"loc":{"start":{"line":53,"column":4},"end":{"line":55,"column":5}},"type":"if","locations":[{"start":{"line":53,"column":4},"end":{"line":55,"column":5}},{"start":{},"end":{}}],"line":53},"5":{"loc":{"start":{"line":58,"column":4},"end":{"line":60,"column":5}},"type":"if","locations":[{"start":{"line":58,"column":4},"end":{"line":60,"column":5}},{"start":{},"end":{}}],"line":58},"6":{"loc":{"start":{"line":106,"column":14},"end":{"line":106,"column":44}},"type":"binary-expr","locations":[{"start":{"line":106,"column":14},"end":{"line":106,"column":38}},{"start":{"line":106,"column":42},"end":{"line":106,"column":44}}],"line":106},"7":{"loc":{"start":{"line":107,"column":18},"end":{"line":107,"column":60}},"type":"binary-expr","locations":[{"start":{"line":107,"column":18},"end":{"line":107,"column":46}},{"start":{"line":107,"column":50},"end":{"line":107,"column":60}}],"line":107},"8":{"loc":{"start":{"line":108,"column":17},"end":{"line":108,"column":50}},"type":"binary-expr","locations":[{"start":{"line":108,"column":17},"end":{"line":108,"column":44}},{"start":{"line":108,"column":48},"end":{"line":108,"column":50}}],"line":108},"9":{"loc":{"start":{"line":117,"column":14},"end":{"line":117,"column":44}},"type":"binary-expr","locations":[{"start":{"line":117,"column":14},"end":{"line":117,"column":38}},{"start":{"line":117,"column":42},"end":{"line":117,"column":44}}],"line":117},"10":{"loc":{"start":{"line":118,"column":18},"end":{"line":118,"column":60}},"type":"binary-expr","locations":[{"start":{"line":118,"column":18},"end":{"line":118,"column":46}},{"start":{"line":118,"column":50},"end":{"line":118,"column":60}}],"line":118},"11":{"loc":{"start":{"line":119,"column":17},"end":{"line":119,"column":50}},"type":"binary-expr","locations":[{"start":{"line":119,"column":17},"end":{"line":119,"column":44}},{"start":{"line":119,"column":48},"end":{"line":119,"column":50}}],"line":119},"12":{"loc":{"start":{"line":205,"column":19},"end":{"line":205,"column":49}},"type":"cond-expr","locations":[{"start":{"line":205,"column":30},"end":{"line":205,"column":42}},{"start":{"line":205,"column":45},"end":{"line":205,"column":49}}],"line":205},"13":{"loc":{"start":{"line":208,"column":4},"end":{"line":210,"column":5}},"type":"if","locations":[{"start":{"line":208,"column":4},"end":{"line":210,"column":5}},{"start":{},"end":{}}],"line":208},"14":{"loc":{"start":{"line":214,"column":14},"end":{"line":214,"column":44}},"type":"binary-expr","locations":[{"start":{"line":214,"column":14},"end":{"line":214,"column":38}},{"start":{"line":214,"column":42},"end":{"line":214,"column":44}}],"line":214},"15":{"loc":{"start":{"line":215,"column":18},"end":{"line":215,"column":60}},"type":"binary-expr","locations":[{"start":{"line":215,"column":18},"end":{"line":215,"column":46}},{"start":{"line":215,"column":50},"end":{"line":215,"column":60}}],"line":215},"16":{"loc":{"start":{"line":216,"column":17},"end":{"line":216,"column":50}},"type":"binary-expr","locations":[{"start":{"line":216,"column":17},"end":{"line":216,"column":44}},{"start":{"line":216,"column":48},"end":{"line":216,"column":50}}],"line":216},"17":{"loc":{"start":{"line":224,"column":13},"end":{"line":224,"column":33}},"type":"binary-expr","locations":[{"start":{"line":224,"column":13},"end":{"line":224,"column":20}},{"start":{"line":224,"column":24},"end":{"line":224,"column":33}}],"line":224},"18":{"loc":{"start":{"line":225,"column":17},"end":{"line":225,"column":41}},"type":"binary-expr","locations":[{"start":{"line":225,"column":17},"end":{"line":225,"column":28}},{"start":{"line":225,"column":32},"end":{"line":225,"column":41}}],"line":225},"19":{"loc":{"start":{"line":226,"column":18},"end":{"line":226,"column":43}},"type":"binary-expr","locations":[{"start":{"line":226,"column":18},"end":{"line":226,"column":30}},{"start":{"line":226,"column":34},"end":{"line":226,"column":43}}],"line":226},"20":{"loc":{"start":{"line":227,"column":12},"end":{"line":227,"column":41}},"type":"binary-expr","locations":[{"start":{"line":227,"column":12},"end":{"line":227,"column":33}},{"start":{"line":227,"column":37},"end":{"line":227,"column":41}}],"line":227},"21":{"loc":{"start":{"line":228,"column":12},"end":{"line":228,"column":31}},"type":"binary-expr","locations":[{"start":{"line":228,"column":12},"end":{"line":228,"column":18}},{"start":{"line":228,"column":22},"end":{"line":228,"column":31}}],"line":228},"22":{"loc":{"start":{"line":229,"column":16},"end":{"line":229,"column":52}},"type":"binary-expr","locations":[{"start":{"line":229,"column":16},"end":{"line":229,"column":39}},{"start":{"line":229,"column":43},"end":{"line":229,"column":52}}],"line":229},"23":{"loc":{"start":{"line":236,"column":12},"end":{"line":236,"column":33}},"type":"binary-expr","locations":[{"start":{"line":236,"column":12},"end":{"line":236,"column":23}},{"start":{"line":236,"column":27},"end":{"line":236,"column":33}}],"line":236},"24":{"loc":{"start":{"line":237,"column":16},"end":{"line":237,"column":52}},"type":"binary-expr","locations":[{"start":{"line":237,"column":16},"end":{"line":237,"column":39}},{"start":{"line":237,"column":43},"end":{"line":237,"column":52}}],"line":237},"25":{"loc":{"start":{"line":238,"column":19},"end":{"line":238,"column":39}},"type":"binary-expr","locations":[{"start":{"line":238,"column":19},"end":{"line":238,"column":26}},{"start":{"line":238,"column":30},"end":{"line":238,"column":39}}],"line":238},"26":{"loc":{"start":{"line":239,"column":12},"end":{"line":239,"column":55}},"type":"binary-expr","locations":[{"start":{"line":239,"column":12},"end":{"line":239,"column":47}},{"start":{"line":239,"column":51},"end":{"line":239,"column":55}}],"line":239},"27":{"loc":{"start":{"line":242,"column":28},"end":{"line":242,"column":54}},"type":"binary-expr","locations":[{"start":{"line":242,"column":28},"end":{"line":242,"column":48}},{"start":{"line":242,"column":52},"end":{"line":242,"column":54}}],"line":242},"28":{"loc":{"start":{"line":253,"column":4},"end":{"line":256,"column":5}},"type":"if","locations":[{"start":{"line":253,"column":4},"end":{"line":256,"column":5}},{"start":{},"end":{}}],"line":253},"29":{"loc":{"start":{"line":253,"column":8},"end":{"line":253,"column":57}},"type":"binary-expr","locations":[{"start":{"line":253,"column":8},"end":{"line":253,"column":15}},{"start":{"line":253,"column":19},"end":{"line":253,"column":57}}],"line":253},"30":{"loc":{"start":{"line":260,"column":6},"end":{"line":260,"column":29}},"type":"if","locations":[{"start":{"line":260,"column":6},"end":{"line":260,"column":29}},{"start":{},"end":{}}],"line":260},"31":{"loc":{"start":{"line":300,"column":4},"end":{"line":312,"column":5}},"type":"if","locations":[{"start":{"line":300,"column":4},"end":{"line":312,"column":5}},{"start":{},"end":{}}],"line":300},"32":{"loc":{"start":{"line":301,"column":6},"end":{"line":309,"column":13}},"type":"binary-expr","locations":[{"start":{"line":301,"column":6},"end":{"line":301,"column":12}},{"start":{"line":302,"column":6},"end":{"line":302,"column":16}},{"start":{"line":303,"column":6},"end":{"line":303,"column":17}},{"start":{"line":304,"column":6},"end":{"line":304,"column":11}},{"start":{"line":305,"column":6},"end":{"line":305,"column":11}},{"start":{"line":306,"column":6},"end":{"line":306,"column":22}},{"start":{"line":307,"column":6},"end":{"line":307,"column":14}},{"start":{"line":308,"column":6},"end":{"line":308,"column":11}},{"start":{"line":309,"column":6},"end":{"line":309,"column":13}}],"line":301},"33":{"loc":{"start":{"line":317,"column":4},"end":{"line":352,"column":5}},"type":"if","locations":[{"start":{"line":317,"column":4},"end":{"line":352,"column":5}},{"start":{"line":341,"column":11},"end":{"line":352,"column":5}}],"line":317},"34":{"loc":{"start":{"line":398,"column":20},"end":{"line":398,"column":70}},"type":"cond-expr","locations":[{"start":{"line":398,"column":36},"end":{"line":398,"column":63}},{"start":{"line":398,"column":66},"end":{"line":398,"column":70}}],"line":398},"35":{"loc":{"start":{"line":422,"column":4},"end":{"line":436,"column":5}},"type":"if","locations":[{"start":{"line":422,"column":4},"end":{"line":436,"column":5}},{"start":{},"end":{}}],"line":422},"36":{"loc":{"start":{"line":423,"column":6},"end":{"line":428,"column":22}},"type":"binary-expr","locations":[{"start":{"line":423,"column":6},"end":{"line":423,"column":12}},{"start":{"line":424,"column":6},"end":{"line":424,"column":16}},{"start":{"line":425,"column":6},"end":{"line":425,"column":17}},{"start":{"line":426,"column":6},"end":{"line":426,"column":11}},{"start":{"line":427,"column":6},"end":{"line":427,"column":11}},{"start":{"line":428,"column":6},"end":{"line":428,"column":22}}],"line":423},"37":{"loc":{"start":{"line":438,"column":4},"end":{"line":445,"column":5}},"type":"if","locations":[{"start":{"line":438,"column":4},"end":{"line":445,"column":5}},{"start":{},"end":{}}],"line":438},"38":{"loc":{"start":{"line":438,"column":8},"end":{"line":438,"column":64}},"type":"binary-expr","locations":[{"start":{"line":438,"column":9},"end":{"line":438,"column":15}},{"start":{"line":438,"column":19},"end":{"line":438,"column":34}},{"start":{"line":438,"column":40},"end":{"line":438,"column":45}},{"start":{"line":438,"column":49},"end":{"line":438,"column":63}}],"line":438},"39":{"loc":{"start":{"line":447,"column":4},"end":{"line":454,"column":5}},"type":"if","locations":[{"start":{"line":447,"column":4},"end":{"line":454,"column":5}},{"start":{},"end":{}}],"line":447},"40":{"loc":{"start":{"line":457,"column":4},"end":{"line":464,"column":5}},"type":"if","locations":[{"start":{"line":457,"column":4},"end":{"line":464,"column":5}},{"start":{},"end":{}}],"line":457},"41":{"loc":{"start":{"line":466,"column":4},"end":{"line":521,"column":5}},"type":"if","locations":[{"start":{"line":466,"column":4},"end":{"line":521,"column":5}},{"start":{},"end":{}}],"line":466},"42":{"loc":{"start":{"line":469,"column":6},"end":{"line":476,"column":7}},"type":"if","locations":[{"start":{"line":469,"column":6},"end":{"line":476,"column":7}},{"start":{},"end":{}}],"line":469},"43":{"loc":{"start":{"line":484,"column":6},"end":{"line":491,"column":7}},"type":"if","locations":[{"start":{"line":484,"column":6},"end":{"line":491,"column":7}},{"start":{},"end":{}}],"line":484},"44":{"loc":{"start":{"line":493,"column":6},"end":{"line":500,"column":7}},"type":"if","locations":[{"start":{"line":493,"column":6},"end":{"line":500,"column":7}},{"start":{},"end":{}}],"line":493},"45":{"loc":{"start":{"line":509,"column":6},"end":{"line":520,"column":7}},"type":"if","locations":[{"start":{"line":509,"column":6},"end":{"line":520,"column":7}},{"start":{},"end":{}}],"line":509},"46":{"loc":{"start":{"line":510,"column":8},"end":{"line":512,"column":36}},"type":"binary-expr","locations":[{"start":{"line":510,"column":8},"end":{"line":510,"column":22}},{"start":{"line":511,"column":8},"end":{"line":511,"column":38}},{"start":{"line":512,"column":8},"end":{"line":512,"column":36}}],"line":510},"47":{"loc":{"start":{"line":530,"column":13},"end":{"line":530,"column":31}},"type":"binary-expr","locations":[{"start":{"line":530,"column":13},"end":{"line":530,"column":18}},{"start":{"line":530,"column":22},"end":{"line":530,"column":31}}],"line":530},"48":{"loc":{"start":{"line":531,"column":22},"end":{"line":531,"column":49}},"type":"binary-expr","locations":[{"start":{"line":531,"column":22},"end":{"line":531,"column":36}},{"start":{"line":531,"column":40},"end":{"line":531,"column":49}}],"line":531},"49":{"loc":{"start":{"line":558,"column":19},"end":{"line":558,"column":49}},"type":"cond-expr","locations":[{"start":{"line":558,"column":30},"end":{"line":558,"column":42}},{"start":{"line":558,"column":45},"end":{"line":558,"column":49}}],"line":558},"50":{"loc":{"start":{"line":567,"column":18},"end":{"line":567,"column":70}},"type":"cond-expr","locations":[{"start":{"line":567,"column":27},"end":{"line":567,"column":62}},{"start":{"line":567,"column":65},"end":{"line":567,"column":70}}],"line":567},"51":{"loc":{"start":{"line":586,"column":4},"end":{"line":590,"column":5}},"type":"if","locations":[{"start":{"line":586,"column":4},"end":{"line":590,"column":5}},{"start":{},"end":{}}],"line":586},"52":{"loc":{"start":{"line":592,"column":4},"end":{"line":599,"column":5}},"type":"if","locations":[{"start":{"line":592,"column":4},"end":{"line":599,"column":5}},{"start":{},"end":{}}],"line":592},"53":{"loc":{"start":{"line":601,"column":4},"end":{"line":608,"column":5}},"type":"if","locations":[{"start":{"line":601,"column":4},"end":{"line":608,"column":5}},{"start":{},"end":{}}],"line":601},"54":{"loc":{"start":{"line":644,"column":4},"end":{"line":648,"column":5}},"type":"if","locations":[{"start":{"line":644,"column":4},"end":{"line":648,"column":5}},{"start":{},"end":{}}],"line":644},"55":{"loc":{"start":{"line":669,"column":4},"end":{"line":673,"column":5}},"type":"if","locations":[{"start":{"line":669,"column":4},"end":{"line":673,"column":5}},{"start":{},"end":{}}],"line":669},"56":{"loc":{"start":{"line":676,"column":4},"end":{"line":683,"column":5}},"type":"if","locations":[{"start":{"line":676,"column":4},"end":{"line":683,"column":5}},{"start":{},"end":{}}],"line":676},"57":{"loc":{"start":{"line":719,"column":4},"end":{"line":723,"column":5}},"type":"if","locations":[{"start":{"line":719,"column":4},"end":{"line":723,"column":5}},{"start":{},"end":{}}],"line":719},"58":{"loc":{"start":{"line":726,"column":4},"end":{"line":733,"column":5}},"type":"if","locations":[{"start":{"line":726,"column":4},"end":{"line":733,"column":5}},{"start":{},"end":{}}],"line":726}},"s":{"0":1,"1":1,"2":1,"3":1,"4":1,"5":1,"6":1,"7":1,"8":0,"9":0,"10":0,"11":0,"12":0,"13":0,"14":0,"15":0,"16":0,"17":0,"18":0,"19":0,"20":0,"21":0,"22":0,"23":1,"24":0,"25":0,"26":0,"27":0,"28":0,"29":0,"30":0,"31":0,"32":0,"33":0,"34":0,"35":0,"36":0,"37":0,"38":0,"39":0,"40":0,"41":0,"42":0,"43":0,"44":1,"45":0,"46":0,"47":0,"48":0,"49":0,"50":1,"51":0,"52":0,"53":0,"54":0,"55":0,"56":0,"57":0,"58":0,"59":0,"60":0,"61":0,"62":0,"63":0,"64":0,"65":0,"66":1,"67":0,"68":0,"69":0,"70":0,"71":0,"72":0,"73":0,"74":0,"75":0,"76":0,"77":0,"78":0,"79":0,"80":0,"81":0,"82":0,"83":0,"84":0,"85":0,"86":0,"87":0,"88":0,"89":0,"90":0,"91":0,"92":0,"93":0,"94":0,"95":1,"96":0,"97":0,"98":0,"99":0,"100":0,"101":0,"102":0,"103":0,"104":0,"105":0,"106":0,"107":0,"108":0,"109":0,"110":0,"111":0,"112":0,"113":1,"114":0,"115":0,"116":0,"117":0,"118":0,"119":0,"120":0,"121":0,"122":0,"123":0,"124":0,"125":0,"126":0,"127":0,"128":0,"129":0,"130":0,"131":0,"132":0,"133":0,"134":0,"135":0,"136":0,"137":0,"138":0,"139":0,"140":0,"141":0,"142":0,"143":0,"144":1,"145":0,"146":0,"147":0,"148":0,"149":0,"150":0,"151":0,"152":0,"153":0,"154":1,"155":0,"156":0,"157":0,"158":0,"159":0,"160":0,"161":0,"162":0,"163":0,"164":0,"165":0,"166":0,"167":0,"168":0,"169":0,"170":0,"171":0,"172":0,"173":1,"174":0,"175":0,"176":0,"177":0,"178":0,"179":0,"180":0,"181":1,"182":0,"183":0,"184":0,"185":0,"186":0,"187":0,"188":0,"189":0,"190":0,"191":0,"192":0,"193":0,"194":0,"195":0,"196":0,"197":0,"198":0,"199":0,"200":1,"201":0,"202":0,"203":0,"204":0,"205":0,"206":0,"207":0,"208":0,"209":0,"210":0,"211":1,"212":0,"213":0,"214":0,"215":0,"216":0,"217":0,"218":1,"219":0,"220":0,"221":0,"222":0,"223":0,"224":0,"225":1},"f":{"0":0,"1":0,"2":0,"3":0,"4":0,"5":0,"6":0,"7":0,"8":0,"9":0,"10":0,"11":0,"12":0,"13":0,"14":0,"15":0,"16":0,"17":0,"18":0,"19":0,"20":0,"21":0,"22":0,"23":0},"b":{"0":[0,0],"1":[0,0],"2":[0,0],"3":[0,0],"4":[0,0],"5":[0,0],"6":[0,0],"7":[0,0],"8":[0,0],"9":[0,0],"10":[0,0],"11":[0,0],"12":[0,0],"13":[0,0],"14":[0,0],"15":[0,0],"16":[0,0],"17":[0,0],"18":[0,0],"19":[0,0],"20":[0,0],"21":[0,0],"22":[0,0],"23":[0,0],"24":[0,0],"25":[0,0],"26":[0,0],"27":[0,0],"28":[0,0],"29":[0,0],"30":[0,0],"31":[0,0],"32":[0,0,0,0,0,0,0,0,0],"33":[0,0],"34":[0,0],"35":[0,0],"36":[0,0,0,0,0,0],"37":[0,0],"38":[0,0,0,0],"39":[0,0],"40":[0,0],"41":[0,0],"42":[0,0],"43":[0,0],"44":[0,0],"45":[0,0],"46":[0,0,0],"47":[0,0],"48":[0,0],"49":[0,0],"50":[0,0],"51":[0,0],"52":[0,0],"53":[0,0],"54":[0,0],"55":[0,0],"56":[0,0],"57":[0,0],"58":[0,0]},"_coverageSchema":"1a1c01bbd47fc00a2c39e90264f33305004495a9","hash":"51e2822f7e9afc837ab98cde57ddc17526a26c6e"}
[...]
,"/Users/dmitrodubina/Downloads/diplo-sport/backend/models/venueModel.js": {"path":"/Users/dmitrodubina/Downloads/diplo-sport/backend/models/venueModel.js","statementMap":{"0":{"start":{"line":1,"column":17},"end":{"line":1,"column":36}},"1":{"start":{"line":3,"column":26},"end":{"line":19,"column":1}},"2":{"start":{"line":4,"column":16},"end":{"line":4,"column":18}},"3":{"start":{"line":5,"column":16},"end":{"line":5,"column":54}},"4":{"start":{"line":6,"column":14},"end":{"line":6,"column":50}},"5":{"start":{"line":8,"column":16},"end":{"line":8,"column":31}},"6":{"start":{"line":9,"column":2},"end":{"line":17,"column":3}},"7":{"start":{"line":10,"column":17},"end":{"line":10,"column":34}},"8":{"start":{"line":11,"column":4},"end":{"line":11,"column":42}},"9":{"start":{"line":12,"column":17},"end":{"line":14,"column":20}},"10":{"start":{"line":15,"column":4},"end":{"line":15,"column":21}},"11":{"start":{"line":16,"column":4},"end":{"line":16,"column":19}},"12":{"start":{"line":18,"column":2},"end":{"line":18,"column":15}},"13":{"start":{"line":21,"column":20},"end":{"line":55,"column":2}},"14":{"start":{"line":58,"column":0},"end":{"line":69,"column":3}},"15":{"start":{"line":59,"column":2},"end":{"line":67,"column":3}},"16":{"start":{"line":60,"column":4},"end":{"line":66,"column":7}},"17":{"start":{"line":61,"column":6},"end":{"line":64,"column":7}},"18":{"start":{"line":62,"column":26},"end":{"line":62,"column":73}},"19":{"start":{"line":63,"column":8},"end":{"line":63,"column":38}},"20":{"start":{"line":65,"column":6},"end":{"line":65,"column":18}},"21":{"start":{"line":68,"column":2},"end":{"line":68,"column":9}},"22":{"start":{"line":71,"column":0},"end":{"line":71,"column":54}}},"fnMap":{"0":{"name":"(anonymous_0)","decl":{"start":{"line":3,"column":26},"end":{"line":3,"column":27}},"loc":{"start":{"line":3,"column":50},"end":{"line":19,"column":1}},"line":3},"1":{"name":"(anonymous_1)","decl":{"start":{"line":58,"column":24},"end":{"line":58,"column":25}},"loc":{"start":{"line":58,"column":40},"end":{"line":69,"column":1}},"line":58},"2":{"name":"(anonymous_2)","decl":{"start":{"line":60,"column":46},"end":{"line":60,"column":47}},"loc":{"start":{"line":60,"column":56},"end":{"line":66,"column":5}},"line":60}},"branchMap":{"0":{"loc":{"start":{"line":59,"column":2},"end":{"line":67,"column":3}},"type":"if","locations":[{"start":{"line":59,"column":2},"end":{"line":67,"column":3}},{"start":{},"end":{}}],"line":59},"1":{"loc":{"start":{"line":59,"column":6},"end":{"line":59,"column":59}},"type":"binary-expr","locations":[{"start":{"line":59,"column":6},"end":{"line":59,"column":23}},{"start":{"line":59,"column":27},"end":{"line":59,"column":59}}],"line":59},"2":{"loc":{"start":{"line":61,"column":6},"end":{"line":64,"column":7}},"type":"if","locations":[{"start":{"line":61,"column":6},"end":{"line":64,"column":7}},{"start":{},"end":{}}],"line":61},"3":{"loc":{"start":{"line":61,"column":10},"end":{"line":61,"column":40}},"type":"binary-expr","locations":[{"start":{"line":61,"column":10},"end":{"line":61,"column":24}},{"start":{"line":61,"column":28},"end":{"line":61,"column":40}}],"line":61}},"s":{"0":1,"1":1,"2":0,"3":0,"4":0,"5":0,"6":0,"7":0,"8":0,"9":0,"10":0,"11":0,"12":0,"13":1,"14":1,"15":0,"16":0,"17":0,"18":0,"19":0,"20":0,"21":0,"22":1},"f":{"0":0,"1":0,"2":0},"b":{"0":[0,0],"1":[0,0],"2":[0,0],"3":[0,0]},"_coverageSchema":"1a1c01bbd47fc00a2c39e90264f33305004495a9","hash":"728c8197973a54169a5b48467bbb1d979be63653"}
,"/Users/dmitrodubina/Downloads/diplo-sport/backend/python_bridge/recommenderBridge.js": {"path":"/Users/dmitrodubina/Downloads/diplo-sport/backend/python_bridge/recommenderBridge.js","statementMap":{"0":{"start":{"line":1,"column":13},"end":{"line":1,"column":43}},"1":{"start":{"line":2,"column":14},"end":{"line":2,"column":45}},"2":{"start":{"line":3,"column":18},"end":{"line":3,"column":42}},"3":{"start":{"line":5,"column":35},"end":{"line":28,"column":1}},"4":{"start":{"line":6,"column":2},"end":{"line":27,"column":5}},"5":{"start":{"line":7,"column":15},"end":{"line":7,"column":70}},"6":{"start":{"line":8,"column":25},"end":{"line":8,"column":78}},"7":{"start":{"line":11,"column":17},"end":{"line":11,"column":19}},"8":{"start":{"line":12,"column":4},"end":{"line":12,"column":53}},"9":{"start":{"line":12,"column":36},"end":{"line":12,"column":50}},"10":{"start":{"line":13,"column":4},"end":{"line":13,"column":82}},"11":{"start":{"line":13,"column":34},"end":{"line":13,"column":80}},"12":{"start":{"line":14,"column":4},"end":{"line":21,"column":7}},"13":{"start":{"line":15,"column":6},"end":{"line":20,"column":7}},"14":{"start":{"line":16,"column":23},"end":{"line":16,"column":41}},"15":{"start":{"line":17,"column":8},"end":{"line":17,"column":24}},"16":{"start":{"line":19,"column":8},"end":{"line":19,"column":69}},"17":{"start":{"line":23,"column":4},"end":{"line":23,"column":33}},"18":{"start":{"line":24,"column":4},"end":{"line":24,"column":19}},"19":{"start":{"line":29,"column":0},"end":{"line":29,"column":48}}},"fnMap":{"0":{"name":"(anonymous_0)","decl":{"start":{"line":5,"column":35},"end":{"line":5,"column":36}},"loc":{"start":{"line":5,"column":84},"end":{"line":28,"column":1}},"line":5},"1":{"name":"(anonymous_1)","decl":{"start":{"line":6,"column":21},"end":{"line":6,"column":22}},"loc":{"start":{"line":6,"column":42},"end":{"line":27,"column":3}},"line":6},"2":{"name":"(anonymous_2)","decl":{"start":{"line":12,"column":25},"end":{"line":12,"column":26}},"loc":{"start":{"line":12,"column":36},"end":{"line":12,"column":50}},"line":12},"3":{"name":"(anonymous_3)","decl":{"start":{"line":13,"column":25},"end":{"line":13,"column":26}},"loc":{"start":{"line":13,"column":34},"end":{"line":13,"column":80}},"line":13},"4":{"name":"(anonymous_4)","decl":{"start":{"line":14,"column":19},"end":{"line":14,"column":20}},"loc":{"start":{"line":14,"column":25},"end":{"line":21,"column":5}},"line":14}},"branchMap":{"0":{"loc":{"start":{"line":5,"column":53},"end":{"line":5,"column":65}},"type":"default-arg","locations":[{"start":{"line":5,"column":63},"end":{"line":5,"column":65}}],"line":5},"1":{"loc":{"start":{"line":5,"column":67},"end":{"line":5,"column":79}},"type":"default-arg","locations":[{"start":{"line":5,"column":77},"end":{"line":5,"column":79}}],"line":5}},"s":{"0":1,"1":1,"2":1,"3":1,"4":0,"5":0,"6":0,"7":0,"8":0,"9":0,"10":0,"11":0,"12":0,"13":0,"14":0,"15":0,"16":0,"17":0,"18":0,"19":1},"f":{"0":0,"1":0,"2":0,"3":0,"4":0},"b":{"0":[0],"1":[0]},"_coverageSchema":"1a1c01bbd47fc00a2c39e90264f33305004495a9","hash":"d8ec7b0240f3578fca41a305c856da69d1dd1566"}
,"/Users/dmitrodubina/Downloads/diplo-sport/backend/routes/authRoutes.js": {"path":"/Users/dmitrodubina/Downloads/diplo-sport/backend/routes/authRoutes.js","statementMap":{"0":{"start":{"line":1,"column":15},"end":{"line":1,"column":42}},"1":{"start":{"line":2,"column":16},"end":{"line":2,"column":56}},"2":{"start":{"line":3,"column":19},"end":{"line":3,"column":61}},"3":{"start":{"line":15,"column":4},"end":{"line":15,"column":45}},"4":{"start":{"line":17,"column":0},"end":{"line":19,"column":3}},"5":{"start":{"line":18,"column":2},"end":{"line":18,"column":26}},"6":{"start":{"line":21,"column":0},"end":{"line":21,"column":39}},"7":{"start":{"line":22,"column":0},"end":{"line":22,"column":57}},"8":{"start":{"line":23,"column":0},"end":{"line":23,"column":58}},"9":{"start":{"line":24,"column":0},"end":{"line":24,"column":29}},"10":{"start":{"line":25,"column":0},"end":{"line":25,"column":61}},"11":{"start":{"line":26,"column":0},"end":{"line":26,"column":55}},"12":{"start":{"line":27,"column":0},"end":{"line":27,"column":75}},"13":{"start":{"line":28,"column":0},"end":{"line":28,"column":55}},"14":{"start":{"line":29,"column":0},"end":{"line":29,"column":74}},"15":{"start":{"line":31,"column":0},"end":{"line":31,"column":24}}},"fnMap":{"0":{"name":"(anonymous_0)","decl":{"start":{"line":17,"column":16},"end":{"line":17,"column":17}},"loc":{"start":{"line":17,"column":30},"end":{"line":19,"column":1}},"line":17}},"branchMap":{},"s":{"0":1,"1":1,"2":1,"3":1,"4":1,"5":0,"6":1,"7":1,"8":1,"9":1,"10":1,"11":1,"12":1,"13":1,"14":1,"15":1},"f":{"0":0},"b":{},"_coverageSchema":"1a1c01bbd47fc00a2c39e90264f33305004495a9","hash":"81aa8936a76dc1383fcfc43219ab73b7d31580d7"}
,"/Users/dmitrodubina/Downloads/diplo-sport/backend/routes/bookingRoutes.js": {"path":"/Users/dmitrodubina/Downloads/diplo-sport/backend/routes/bookingRoutes.js","statementMap":{"0":{"start":{"line":1,"column":16},"end":{"line":1,"column":34}},"1":{"start":{"line":10,"column":4},"end":{"line":10,"column":48}},"2":{"start":{"line":11,"column":16},"end":{"line":11,"column":56}},"3":{"start":{"line":13,"column":15},"end":{"line":13,"column":31}},"4":{"start":{"line":15,"column":0},"end":{"line":15,"column":66}},"5":{"start":{"line":16,"column":0},"end":{"line":16,"column":89}},"6":{"start":{"line":17,"column":0},"end":{"line":17,"column":42}},"7":{"start":{"line":18,"column":0},"end":{"line":18,"column":46}},"8":{"start":{"line":19,"column":0},"end":{"line":19,"column":44}},"9":{"start":{"line":20,"column":0},"end":{"line":20,"column":55}},"10":{"start":{"line":21,"column":0},"end":{"line":21,"column":78}},"11":{"start":{"line":23,"column":0},"end":{"line":23,"column":24}}},"fnMap":{},"branchMap":{},"s":{"0":1,"1":1,"2":1,"3":1,"4":1,"5":1,"6":1,"7":1,"8":1,"9":1,"10":1,"11":1},"f":{},"b":{},"_coverageSchema":"1a1c01bbd47fc00a2c39e90264f33305004495a9","hash":"85936a0af5052720db5710a17ec6bbc566c68d8d"}
,"/Users/dmitrodubina/Downloads/diplo-sport/backend/routes/chatRoutes.js": {"path":"/Users/dmitrodubina/Downloads/diplo-sport/backend/routes/chatRoutes.js","statementMap":{"0":{"start":{"line":1,"column":16},"end":{"line":1,"column":34}},"1":{"start":{"line":2,"column":15},"end":{"line":2,"column":31}},"2":{"start":{"line":3,"column":16},"end":{"line":3,"column":56}},"3":{"start":{"line":4,"column":45},"end":{"line":4,"column":86}},"4":{"start":{"line":6,"column":0},"end":{"line":6,"column":43}},"5":{"start":{"line":7,"column":0},"end":{"line":7,"column":50}},"6":{"start":{"line":8,"column":0},"end":{"line":8,"column":41}},"7":{"start":{"line":10,"column":0},"end":{"line":10,"column":24}}},"fnMap":{},"branchMap":{},"s":{"0":1,"1":1,"2":1,"3":1,"4":1,"5":1,"6":1,"7":1},"f":{},"b":{},"_coverageSchema":"1a1c01bbd47fc00a2c39e90264f33305004495a9","hash":"029b764cd91223b6460fd27899aad6b250834506"}
,"/Users/dmitrodubina/Downloads/diplo-sport/backend/routes/eventRoutes.js": {"path":"/Users/dmitrodubina/Downloads/diplo-sport/backend/routes/eventRoutes.js","statementMap":{"0":{"start":{"line":1,"column":16},"end":{"line":1,"column":34}},"1":{"start":{"line":18,"column":4},"end":{"line":18,"column":46}},"2":{"start":{"line":19,"column":16},"end":{"line":19,"column":56}},"3":{"start":{"line":21,"column":15},"end":{"line":21,"column":31}},"4":{"start":{"line":22,"column":0},"end":{"line":22,"column":66}},"5":{"start":{"line":24,"column":0},"end":{"line":24,"column":49}},"6":{"start":{"line":25,"column":0},"end":{"line":25,"column":60}},"7":{"start":{"line":26,"column":0},"end":{"line":26,"column":55}},"8":{"start":{"line":27,"column":0},"end":{"line":27,"column":59}},"9":{"start":{"line":28,"column":0},"end":{"line":28,"column":55}},"10":{"start":{"line":29,"column":0},"end":{"line":29,"column":53}},"11":{"start":{"line":31,"column":0},"end":{"line":31,"column":39}},"12":{"start":{"line":32,"column":0},"end":{"line":32,"column":69}},"13":{"start":{"line":33,"column":0},"end":{"line":33,"column":39}},"14":{"start":{"line":34,"column":0},"end":{"line":34,"column":50}},"15":{"start":{"line":35,"column":0},"end":{"line":35,"column":52}},"16":{"start":{"line":36,"column":0},"end":{"line":36,"column":49}},"17":{"start":{"line":37,"column":0},"end":{"line":37,"column":47}},"18":{"start":{"line":38,"column":0},"end":{"line":38,"column":60}},"19":{"start":{"line":40,"column":0},"end":{"line":40,"column":24}}},"fnMap":{},"branchMap":{},"s":{"0":1,"1":1,"2":1,"3":1,"4":1,"5":1,"6":1,"7":1,"8":1,"9":1,"10":1,"11":1,"12":1,"13":1,"14":1,"15":1,"16":1,"17":1,"18":1,"19":1},"f":{},"b":{},"_coverageSchema":"1a1c01bbd47fc00a2c39e90264f33305004495a9","hash":"52ba8df6f7515b20a872ad538d0b42c18d114677"}
,"/Users/dmitrodubina/Downloads/diplo-sport/backend/routes/friendsRoutes.js": {"path":"/Users/dmitrodubina/Downloads/diplo-sport/backend/routes/friendsRoutes.js","statementMap":{"0":{"start":{"line":1,"column":16},"end":{"line":1,"column":34}},"1":{"start":{"line":11,"column":4},"end":{"line":11,"column":48}},"2":{"start":{"line":12,"column":16},"end":{"line":12,"column":56}},"3":{"start":{"line":14,"column":15},"end":{"line":14,"column":31}},"4":{"start":{"line":16,"column":0},"end":{"line":16,"column":40}},"5":{"start":{"line":17,"column":0},"end":{"line":17,"column":46}},"6":{"start":{"line":18,"column":0},"end":{"line":18,"column":47}},"7":{"start":{"line":19,"column":0},"end":{"line":19,"column":42}},"8":{"start":{"line":20,"column":0},"end":{"line":20,"column":52}},"9":{"start":{"line":21,"column":0},"end":{"line":21,"column":53}},"10":{"start":{"line":22,"column":0},"end":{"line":22,"column":57}},"11":{"start":{"line":23,"column":0},"end":{"line":23,"column":61}},"12":{"start":{"line":25,"column":0},"end":{"line":25,"column":24}}},"fnMap":{},"branchMap":{},"s":{"0":1,"1":1,"2":1,"3":1,"4":1,"5":1,"6":1,"7":1,"8":1,"9":1,"10":1,"11":1,"12":1},"f":{},"b":{},"_coverageSchema":"1a1c01bbd47fc00a2c39e90264f33305004495a9","hash":"f2bc4bd41c08a424eceeba6fb89bb405a71ec6b8"}
,"/Users/dmitrodubina/Downloads/diplo-sport/backend/routes/protectRoutes.js": {"path":"/Users/dmitrodubina/Downloads/diplo-sport/backend/routes/protectRoutes.js","statementMap":{"0":{"start":{"line":1,"column":15},"end":{"line":1,"column":42}},"1":{"start":{"line":2,"column":16},"end":{"line":2,"column":56}},"2":{"start":{"line":3,"column":19},"end":{"line":3,"column":61}},"3":{"start":{"line":4,"column":23},"end":{"line":4,"column":67}},"4":{"start":{"line":6,"column":0},"end":{"line":6,"column":49}},"5":{"start":{"line":8,"column":0},"end":{"line":8,"column":24}}},"fnMap":{},"branchMap":{},"s":{"0":1,"1":1,"2":1,"3":1,"4":1,"5":1},"f":{},"b":{},"_coverageSchema":"1a1c01bbd47fc00a2c39e90264f33305004495a9","hash":"fe232e8969f1c2a459d083a1f5c1b2fb05d32774"}
,"/Users/dmitrodubina/Downloads/diplo-sport/backend/routes/routes.js": {"path":"/Users/dmitrodubina/Downloads/diplo-sport/backend/routes/routes.js","statementMap":{"0":{"start":{"line":1,"column":16},"end":{"line":1,"column":34}},"1":{"start":{"line":2,"column":15},"end":{"line":2,"column":31}},"2":{"start":{"line":5,"column":0},"end":{"line":5,"column":24}}},"fnMap":{},"branchMap":{},"s":{"0":1,"1":1,"2":1},"f":{},"b":{},"_coverageSchema":"1a1c01bbd47fc00a2c39e90264f33305004495a9","hash":"48d904b94f1b414f6e08b2af978d31c55794b7b6"}
,"/Users/dmitrodubina/Downloads/diplo-sport/backend/routes/venueRoutes.js": {"path":"/Users/dmitrodubina/Downloads/diplo-sport/backend/routes/venueRoutes.js","statementMap":{"0":{"start":{"line":1,"column":16},"end":{"line":1,"column":34}},"1":{"start":{"line":2,"column":15},"end":{"line":2,"column":31}},"2":{"start":{"line":3,"column":16},"end":{"line":3,"column":56}},"3":{"start":{"line":12,"column":4},"end":{"line":12,"column":46}},"4":{"start":{"line":14,"column":0},"end":{"line":14,"column":30}},"5":{"start":{"line":15,"column":0},"end":{"line":15,"column":40}},"6":{"start":{"line":16,"column":0},"end":{"line":16,"column":59}},"7":{"start":{"line":17,"column":0},"end":{"line":17,"column":38}},"8":{"start":{"line":18,"column":0},"end":{"line":18,"column":39}},"9":{"start":{"line":19,"column":0},"end":{"line":19,"column":46}},"10":{"start":{"line":20,"column":0},"end":{"line":20,"column":49}},"11":{"start":{"line":22,"column":0},"end":{"line":22,"column":24}}},"fnMap":{},"branchMap":{},"s":{"0":1,"1":1,"2":1,"3":1,"4":1,"5":1,"6":1,"7":1,"8":1,"9":1,"10":1,"11":1},"f":{},"b":{},"_coverageSchema":"1a1c01bbd47fc00a2c39e90264f33305004495a9","hash":"3af4fb82cabe2225473689fe9bed90f5d98fee24"}
,"/Users/dmitrodubina/Downloads/diplo-sport/backend/utils/generateToken.js": {"path":"/Users/dmitrodubina/Downloads/diplo-sport/backend/utils/generateToken.js","statementMap":{"0":{"start":{"line":1,"column":12},"end":{"line":1,"column":35}},"1":{"start":{"line":3,"column":22},"end":{"line":9,"column":1}},"2":{"start":{"line":4,"column":13},"end":{"line":4,"column":17}},"3":{"start":{"line":5,"column":2},"end":{"line":5,"column":31}},"4":{"start":{"line":5,"column":18},"end":{"line":5,"column":31}},"5":{"start":{"line":6,"column":2},"end":{"line":8,"column":5}},"6":{"start":{"line":11,"column":0},"end":{"line":11,"column":31}}},"fnMap":{"0":{"name":"(anonymous_0)","decl":{"start":{"line":3,"column":22},"end":{"line":3,"column":23}},"loc":{"start":{"line":3,"column":46},"end":{"line":9,"column":1}},"line":3}},"branchMap":{"0":{"loc":{"start":{"line":3,"column":27},"end":{"line":3,"column":41}},"type":"default-arg","locations":[{"start":{"line":3,"column":40},"end":{"line":3,"column":41}}],"line":3},"1":{"loc":{"start":{"line":5,"column":2},"end":{"line":5,"column":31}},"type":"if","locations":[{"start":{"line":5,"column":2},"end":{"line":5,"column":31}},{"start":{},"end":{}}],"line":5}},"s":{"0":1,"1":1,"2":1,"3":1,"4":0,"5":1,"6":1},"f":{"0":1},"b":{"0":[1],"1":[0,1]},"_coverageSchema":"1a1c01bbd47fc00a2c39e90264f33305004495a9","hash":"cd38675e4cf6edf2cfddf3752ec3a68d37966a3a"}
,"/Users/dmitrodubina/Downloads/diplo-sport/backend/utils/verificationToken.js": {"path":"/Users/dmitrodubina/Downloads/diplo-sport/backend/utils/verificationToken.js","statementMap":{"0":{"start":{"line":1,"column":15},"end":{"line":1,"column":32}},"1":{"start":{"line":3,"column":34},"end":{"line":5,"column":1}},"2":{"start":{"line":4,"column":2},"end":{"line":4,"column":42}},"3":{"start":{"line":7,"column":25},"end":{"line":9,"column":1}},"4":{"start":{"line":8,"column":2},"end":{"line":8,"column":48}},"5":{"start":{"line":11,"column":15},"end":{"line":13,"column":1}},"6":{"start":{"line":12,"column":2},"end":{"line":12,"column":44}},"7":{"start":{"line":15,"column":0},"end":{"line":19,"column":2}}},"fnMap":{"0":{"name":"(anonymous_0)","decl":{"start":{"line":3,"column":34},"end":{"line":3,"column":35}},"loc":{"start":{"line":3,"column":40},"end":{"line":5,"column":1}},"line":3},"1":{"name":"(anonymous_1)","decl":{"start":{"line":7,"column":25},"end":{"line":7,"column":26}},"loc":{"start":{"line":7,"column":31},"end":{"line":9,"column":1}},"line":7},"2":{"name":"(anonymous_2)","decl":{"start":{"line":11,"column":15},"end":{"line":11,"column":16}},"loc":{"start":{"line":11,"column":25},"end":{"line":13,"column":1}},"line":11}},"branchMap":{},"s":{"0":1,"1":1,"2":1,"3":1,"4":0,"5":1,"6":1,"7":1},"f":{"0":1,"1":0,"2":1},"b":{},"_coverageSchema":"1a1c01bbd47fc00a2c39e90264f33305004495a9","hash":"ad36c3522a338e2cdb03c38231b5b797ef72776e"}
}
